[ 2018-05-21T00:00:07+08:00 ] ::1 /lab08/index.php/home/Index/DataShow
INFO: [ app_init ] --START--
INFO: Run Behavior\BuildLiteBehavior [ RunTime:0.000025s ]
INFO: [ app_init ] --END-- [ RunTime:0.000451s ]

[ 2018-05-21T00:15:20+08:00 ] ::1 /lab08/index.php/home/Index/DataShow
INFO: [ app_init ] --START--
INFO: Run Behavior\BuildLiteBehavior [ RunTime:0.000029s ]
INFO: [ app_init ] --END-- [ RunTime:0.000535s ]

[ 2018-05-21T00:32:28+08:00 ] ::1 /lab08/index.php/home/Index/DataShow
INFO: [ app_init ] --START--
INFO: Run Behavior\BuildLiteBehavior [ RunTime:0.000024s ]
INFO: [ app_init ] --END-- [ RunTime:0.000391s ]

[ 2018-05-21T00:32:29+08:00 ] ::1 /lab08/index.php/Home/Index/DataUpdate?id=7
INFO: [ app_init ] --START--
INFO: Run Behavior\BuildLiteBehavior [ RunTime:0.000028s ]
INFO: [ app_init ] --END-- [ RunTime:0.000465s ]

[ 2018-05-21T00:35:39+08:00 ] ::1 /lab08/index.php/Home/Index/DataUpdate
INFO: [ app_init ] --START--
INFO: Run Behavior\BuildLiteBehavior [ RunTime:0.000021s ]
INFO: [ app_init ] --END-- [ RunTime:0.000376s ]

[ 2018-05-21T00:35:43+08:00 ] ::1 /lab08/index.php/Home/Index/DataUpdate
INFO: [ app_init ] --START--
INFO: Run Behavior\BuildLiteBehavior [ RunTime:0.000021s ]
INFO: [ app_init ] --END-- [ RunTime:0.000348s ]

[ 2018-05-21T00:36:24+08:00 ] ::1 /lab08/index.php/Home/Index/DataUpdate.html
INFO: [ app_init ] --START--
INFO: Run Behavior\BuildLiteBehavior [ RunTime:0.000022s ]
INFO: [ app_init ] --END-- [ RunTime:0.000371s ]

[ 2018-05-21T00:37:23+08:00 ] ::1 /lab08/index.php/Home/Index/DataUpdate
INFO: [ app_init ] --START--
INFO: Run Behavior\BuildLiteBehavior [ RunTime:0.000022s ]
INFO: [ app_init ] --END-- [ RunTime:0.000365s ]

[ 2018-05-21T00:38:19+08:00 ] ::1 /lab08/index.php/Home/Index/DataShow.html
INFO: [ app_init ] --START--
INFO: Run Behavior\BuildLiteBehavior [ RunTime:0.000066s ]
INFO: [ app_init ] --END-- [ RunTime:0.001612s ]

[ 2018-05-21T00:42:33+08:00 ] ::1 /lab08/index.php/Home/Index/DataUpdate?id=7
INFO: [ app_init ] --START--
INFO: Run Behavior\BuildLiteBehavior [ RunTime:0.000021s ]
INFO: [ app_init ] --END-- [ RunTime:0.000380s ]

[ 2018-05-21T00:43:20+08:00 ] ::1 /lab08/index.php/Home/Index/DataUpdate?id=7
INFO: [ app_init ] --START--
INFO: Run Behavior\BuildLiteBehavior [ RunTime:0.000028s ]
INFO: [ app_init ] --END-- [ RunTime:0.000488s ]

[ 2018-05-21T00:43:22+08:00 ] ::1 /lab08/index.php/Home/Index/DataUpdate?id=7
INFO: [ app_init ] --START--
INFO: Run Behavior\BuildLiteBehavior [ RunTime:0.000025s ]
INFO: [ app_init ] --END-- [ RunTime:0.000430s ]

[ 2018-05-21T00:43:59+08:00 ] ::1 /lab08/index.php/Home/Index/DataUpdate?id=7
INFO: [ app_init ] --START--
INFO: Run Behavior\BuildLiteBehavior [ RunTime:0.000028s ]
INFO: [ app_init ] --END-- [ RunTime:0.000474s ]

[ 2018-05-21T00:44:50+08:00 ] ::1 /lab08/index.php/Home/Index/DataUpdate?id=7
INFO: [ app_init ] --START--
INFO: Run Behavior\BuildLiteBehavior [ RunTime:0.000028s ]
INFO: [ app_init ] --END-- [ RunTime:0.000505s ]

[ 2018-05-21T00:45:43+08:00 ] ::1 /lab08/index.php/Home/Index/DataUpdate?id=7
INFO: [ app_init ] --START--
INFO: Run Behavior\BuildLiteBehavior [ RunTime:0.000028s ]
INFO: [ app_init ] --END-- [ RunTime:0.000468s ]

[ 2018-05-21T00:46:29+08:00 ] ::1 /lab08/index.php/Home/Index/DataUpdate?id=7
INFO: [ app_init ] --START--
INFO: Run Behavior\BuildLiteBehavior [ RunTime:0.000030s ]
INFO: [ app_init ] --END-- [ RunTime:0.000491s ]

[ 2018-05-21T00:46:38+08:00 ] ::1 /lab08/index.php/home/Index/DataShow
INFO: [ app_init ] --START--
INFO: Run Behavior\BuildLiteBehavior [ RunTime:0.000027s ]
INFO: [ app_init ] --END-- [ RunTime:0.000369s ]

[ 2018-05-21T00:46:40+08:00 ] ::1 /lab08/index.php/Home/Index/DataUpdate
INFO: [ app_init ] --START--
INFO: Run Behavior\BuildLiteBehavior [ RunTime:0.000056s ]
INFO: [ app_init ] --END-- [ RunTime:0.000450s ]

[ 2018-05-21T00:47:29+08:00 ] ::1 /lab08/index.php/Home/Index/DataUpdate
INFO: [ app_init ] --START--
INFO: Run Behavior\BuildLiteBehavior [ RunTime:0.000021s ]
INFO: [ app_init ] --END-- [ RunTime:0.000378s ]

[ 2018-05-21T00:48:17+08:00 ] ::1 /lab08/index.php/Home/Index/DataUpdate
INFO: [ app_init ] --START--
INFO: Run Behavior\BuildLiteBehavior [ RunTime:0.000024s ]
INFO: [ app_init ] --END-- [ RunTime:0.000443s ]

[ 2018-05-21T00:52:16+08:00 ] ::1 /lab08/index.php/Home/Index/DataUpdate
INFO: [ app_init ] --START--
INFO: Run Behavior\BuildLiteBehavior [ RunTime:0.000028s ]
INFO: [ app_init ] --END-- [ RunTime:0.000543s ]
ERR: 1064:You have an error in your SQL syntax; check the manual that corresponds to your MySQL server version for the right syntax to use near '%d )' at line 1
 [ SQL语句 ] : SELECT * FROM `tp_message` WHERE ( id=%d ) 

[ 2018-05-21T00:53:55+08:00 ] ::1 /lab08/index.php/Home/Index/DataUpdate
INFO: [ app_init ] --START--
INFO: Run Behavior\BuildLiteBehavior [ RunTime:0.000028s ]
INFO: [ app_init ] --END-- [ RunTime:0.000505s ]
ERR: 1054:Unknown column '_GET' in 'where clause'
 [ SQL语句 ] : SELECT * FROM `tp_message` WHERE ( id=_GET ) 

[ 2018-05-21T00:54:25+08:00 ] ::1 /lab08/index.php/Home/Index/DataUpdate
INFO: [ app_init ] --START--
INFO: Run Behavior\BuildLiteBehavior [ RunTime:0.000031s ]
INFO: [ app_init ] --END-- [ RunTime:0.000689s ]
ERR: 1064:You have an error in your SQL syntax; check the manual that corresponds to your MySQL server version for the right syntax to use near ')' at line 1
 [ SQL语句 ] : SELECT * FROM `tp_message` WHERE ( id= ) 

[ 2018-05-21T00:55:54+08:00 ] ::1 /lab08/index.php/Home/Index/DataUpdate
INFO: [ app_init ] --START--
INFO: Run Behavior\BuildLiteBehavior [ RunTime:0.000053s ]
INFO: [ app_init ] --END-- [ RunTime:0.000437s ]
ERR: 1064:You have an error in your SQL syntax; check the manual that corresponds to your MySQL server version for the right syntax to use near '%d )' at line 1
 [ SQL语句 ] : SELECT * FROM `tp_message` WHERE ( id=%d ) 

[ 2018-05-21T00:57:45+08:00 ] ::1 /lab08/index.php/Home/Index/DataUpdate
INFO: [ app_init ] --START--
INFO: Run Behavior\BuildLiteBehavior [ RunTime:0.000025s ]
INFO: [ app_init ] --END-- [ RunTime:0.000448s ]

[ 2018-05-21T01:02:31+08:00 ] ::1 /lab08/index.php/Home/Index/DataUpdate
INFO: [ app_init ] --START--
INFO: Run Behavior\BuildLiteBehavior [ RunTime:0.000029s ]
INFO: [ app_init ] --END-- [ RunTime:0.000515s ]
ERR: 1054:Unknown column 'Array' in 'where clause'
 [ SQL语句 ] : SELECT * FROM `tp_message` WHERE ( id=Array ) 

[ 2018-05-21T01:02:43+08:00 ] ::1 /lab08/index.php/Home/Index/DataUpdate
INFO: [ app_init ] --START--
INFO: Run Behavior\BuildLiteBehavior [ RunTime:0.000028s ]
INFO: [ app_init ] --END-- [ RunTime:0.000471s ]
ERR: 1064:You have an error in your SQL syntax; check the manual that corresponds to your MySQL server version for the right syntax to use near ')' at line 1
 [ SQL语句 ] : SELECT * FROM `tp_message` WHERE ( id= ) 

[ 2018-05-21T01:02:45+08:00 ] ::1 /lab08/index.php/Home/Index/DataUpdate
INFO: [ app_init ] --START--
INFO: Run Behavior\BuildLiteBehavior [ RunTime:0.000028s ]
INFO: [ app_init ] --END-- [ RunTime:0.000472s ]
ERR: 1064:You have an error in your SQL syntax; check the manual that corresponds to your MySQL server version for the right syntax to use near ')' at line 1
 [ SQL语句 ] : SELECT * FROM `tp_message` WHERE ( id= ) 

[ 2018-05-21T01:04:09+08:00 ] ::1 /lab08/index.php/Home/Index/DataUpdate
INFO: [ app_init ] --START--
INFO: Run Behavior\BuildLiteBehavior [ RunTime:0.000020s ]
INFO: [ app_init ] --END-- [ RunTime:0.000356s ]
ERR: 1064:You have an error in your SQL syntax; check the manual that corresponds to your MySQL server version for the right syntax to use near ') LIMIT 1' at line 1
 [ SQL语句 ] : SELECT * FROM `tp_message` WHERE ( id= ) LIMIT 1  

[ 2018-05-21T01:04:26+08:00 ] ::1 /lab08/index.php/Home/Index/DataUpdate
INFO: [ app_init ] --START--
INFO: Run Behavior\BuildLiteBehavior [ RunTime:0.000034s ]
INFO: [ app_init ] --END-- [ RunTime:0.000453s ]
ERR: 1064:You have an error in your SQL syntax; check the manual that corresponds to your MySQL server version for the right syntax to use near ')' at line 1
 [ SQL语句 ] : SELECT * FROM `tp_message` WHERE ( id= ) 

[ 2018-05-21T01:04:34+08:00 ] ::1 /lab08/index.php/Home/Index/del?id=7
INFO: [ app_init ] --START--
INFO: Run Behavior\BuildLiteBehavior [ RunTime:0.000020s ]
INFO: [ app_init ] --END-- [ RunTime:0.000430s ]

[ 2018-05-21T01:04:39+08:00 ] ::1 /lab08/index.php/Home/Index/index
INFO: [ app_init ] --START--
INFO: Run Behavior\BuildLiteBehavior [ RunTime:0.000022s ]
INFO: [ app_init ] --END-- [ RunTime:0.000444s ]
ERR: 非法操作:index

[ 2018-05-21T01:04:45+08:00 ] ::1 /lab08/index.php/Home/Index/DataUpdate
INFO: [ app_init ] --START--
INFO: Run Behavior\BuildLiteBehavior [ RunTime:0.000024s ]
INFO: [ app_init ] --END-- [ RunTime:0.000460s ]
ERR: 1064:You have an error in your SQL syntax; check the manual that corresponds to your MySQL server version for the right syntax to use near ')' at line 1
 [ SQL语句 ] : SELECT * FROM `tp_message` WHERE ( id= ) 

[ 2018-05-21T01:04:51+08:00 ] ::1 /lab08/index.php/Home/Index/DataUpdate?id=8
INFO: [ app_init ] --START--
INFO: Run Behavior\BuildLiteBehavior [ RunTime:0.000022s ]
INFO: [ app_init ] --END-- [ RunTime:0.000352s ]

[ 2018-05-21T01:05:33+08:00 ] ::1 /lab08/index.php/Home/Index/DataUpdate
INFO: [ app_init ] --START--
INFO: Run Behavior\BuildLiteBehavior [ RunTime:0.000021s ]
INFO: [ app_init ] --END-- [ RunTime:0.000340s ]
ERR: 1064:You have an error in your SQL syntax; check the manual that corresponds to your MySQL server version for the right syntax to use near ')' at line 1
 [ SQL语句 ] : SELECT * FROM `tp_message` WHERE ( id= ) 

[ 2018-05-21T01:05:36+08:00 ] ::1 /lab08/index.php/Home/Index/DataUpdate
INFO: [ app_init ] --START--
INFO: Run Behavior\BuildLiteBehavior [ RunTime:0.000020s ]
INFO: [ app_init ] --END-- [ RunTime:0.000346s ]
ERR: 1064:You have an error in your SQL syntax; check the manual that corresponds to your MySQL server version for the right syntax to use near ')' at line 1
 [ SQL语句 ] : SELECT * FROM `tp_message` WHERE ( id= ) 

[ 2018-05-21T01:05:47+08:00 ] ::1 /lab08/index.php/home/Index/DataShow
INFO: [ app_init ] --START--
INFO: Run Behavior\BuildLiteBehavior [ RunTime:0.000026s ]
INFO: [ app_init ] --END-- [ RunTime:0.000515s ]

[ 2018-05-21T01:05:48+08:00 ] ::1 /lab08/index.php/Home/Index/DataUpdate?id=%3C{$vo.id}
INFO: [ app_init ] --START--
INFO: Run Behavior\BuildLiteBehavior [ RunTime:0.000079s ]
INFO: [ app_init ] --END-- [ RunTime:0.000631s ]
ERR: 1064:You have an error in your SQL syntax; check the manual that corresponds to your MySQL server version for the right syntax to use near '=<{$vo.id} )' at line 1
 [ SQL语句 ] : SELECT * FROM `tp_message` WHERE ( id=<{$vo.id} ) 

[ 2018-05-21T01:06:05+08:00 ] ::1 /lab08/index.php/Home/Index/DataUpdate?id=%3C{$vo.id}
INFO: [ app_init ] --START--
INFO: Run Behavior\BuildLiteBehavior [ RunTime:0.000020s ]
INFO: [ app_init ] --END-- [ RunTime:0.000344s ]
ERR: 1064:You have an error in your SQL syntax; check the manual that corresponds to your MySQL server version for the right syntax to use near '=<{$vo.id} )' at line 1
 [ SQL语句 ] : SELECT * FROM `tp_message` WHERE ( id=<{$vo.id} ) 

[ 2018-05-21T01:06:11+08:00 ] ::1 /lab08/index.php/home/Index/DataShow
INFO: [ app_init ] --START--
INFO: Run Behavior\BuildLiteBehavior [ RunTime:0.000031s ]
INFO: [ app_init ] --END-- [ RunTime:0.000511s ]

[ 2018-05-21T01:06:12+08:00 ] ::1 /lab08/index.php/Home/Index/DataUpdate?id=6
INFO: [ app_init ] --START--
INFO: Run Behavior\BuildLiteBehavior [ RunTime:0.000029s ]
INFO: [ app_init ] --END-- [ RunTime:0.000484s ]

[ 2018-05-21T01:06:16+08:00 ] ::1 /lab08/index.php/Home/Index/DataUpdate?id=5
INFO: [ app_init ] --START--
INFO: Run Behavior\BuildLiteBehavior [ RunTime:0.000034s ]
INFO: [ app_init ] --END-- [ RunTime:0.000469s ]

[ 2018-05-21T01:06:20+08:00 ] ::1 /lab08/index.php/Home/Index/DataUpdate?id=4
INFO: [ app_init ] --START--
INFO: Run Behavior\BuildLiteBehavior [ RunTime:0.000028s ]
INFO: [ app_init ] --END-- [ RunTime:0.000469s ]

[ 2018-05-21T01:18:08+08:00 ] ::1 /lab08/index.php/home/Index/DataShow
INFO: [ app_init ] --START--
INFO: Run Behavior\BuildLiteBehavior [ RunTime:0.000029s ]
INFO: [ app_init ] --END-- [ RunTime:0.000533s ]

[ 2018-05-21T01:18:10+08:00 ] ::1 /lab08/index.php/Home/Index/DataUpdate?id=6
INFO: [ app_init ] --START--
INFO: Run Behavior\BuildLiteBehavior [ RunTime:0.000021s ]
INFO: [ app_init ] --END-- [ RunTime:0.000384s ]

[ 2018-05-21T01:18:18+08:00 ] ::1 /lab08/index.php/Home/Index/update
INFO: [ app_init ] --START--
INFO: Run Behavior\BuildLiteBehavior [ RunTime:0.000042s ]
INFO: [ app_init ] --END-- [ RunTime:0.000503s ]

[ 2018-05-21T01:18:26+08:00 ] ::1 /lab08/index.php/home/Index/DataShow
INFO: [ app_init ] --START--
INFO: Run Behavior\BuildLiteBehavior [ RunTime:0.000028s ]
INFO: [ app_init ] --END-- [ RunTime:0.000474s ]

[ 2018-05-21T01:21:00+08:00 ] ::1 /lab08/index.php/home/Index/DataShow
INFO: [ app_init ] --START--
INFO: Run Behavior\BuildLiteBehavior [ RunTime:0.000031s ]
INFO: [ app_init ] --END-- [ RunTime:0.000572s ]

[ 2018-05-21T01:21:01+08:00 ] ::1 /lab08/index.php/Home/Index/DataUpdate?id=6
INFO: [ app_init ] --START--
INFO: Run Behavior\BuildLiteBehavior [ RunTime:0.000022s ]
INFO: [ app_init ] --END-- [ RunTime:0.000357s ]

[ 2018-05-21T01:21:03+08:00 ] ::1 /lab08/index.php/Home/Index/update
INFO: [ app_init ] --START--
INFO: Run Behavior\BuildLiteBehavior [ RunTime:0.000027s ]
INFO: [ app_init ] --END-- [ RunTime:0.000459s ]

[ 2018-05-21T01:21:05+08:00 ] ::1 /lab08/index.php/Home/Index/index
INFO: [ app_init ] --START--
INFO: Run Behavior\BuildLiteBehavior [ RunTime:0.000021s ]
INFO: [ app_init ] --END-- [ RunTime:0.000489s ]
ERR: 非法操作:index

[ 2018-05-21T01:22:14+08:00 ] ::1 /lab08/index.php/Home/Index/index
INFO: [ app_init ] --START--
INFO: Run Behavior\BuildLiteBehavior [ RunTime:0.000022s ]
INFO: [ app_init ] --END-- [ RunTime:0.000393s ]
ERR: 非法操作:index

[ 2018-05-21T01:22:15+08:00 ] ::1 /lab08/index.php/Home/Index/index
INFO: [ app_init ] --START--
INFO: Run Behavior\BuildLiteBehavior [ RunTime:0.000023s ]
INFO: [ app_init ] --END-- [ RunTime:0.000397s ]
ERR: 非法操作:index

[ 2018-05-21T01:25:09+08:00 ] ::1 /lab08/index.php/Home/Index/index
INFO: [ app_init ] --START--
INFO: Run Behavior\BuildLiteBehavior [ RunTime:0.000028s ]
INFO: [ app_init ] --END-- [ RunTime:0.000522s ]
ERR: 非法操作:index

[ 2018-05-21T01:25:14+08:00 ] ::1 /lab08/index.php/home/Index/DataShow
INFO: [ app_init ] --START--
INFO: Run Behavior\BuildLiteBehavior [ RunTime:0.000024s ]
INFO: [ app_init ] --END-- [ RunTime:0.000373s ]

[ 2018-05-21T01:25:15+08:00 ] ::1 /lab08/index.php/Home/Index/DataUpdate?id=6
INFO: [ app_init ] --START--
INFO: Run Behavior\BuildLiteBehavior [ RunTime:0.000021s ]
INFO: [ app_init ] --END-- [ RunTime:0.000351s ]

[ 2018-05-21T01:25:16+08:00 ] ::1 /lab08/index.php/Home/Index/update
INFO: [ app_init ] --START--
INFO: Run Behavior\BuildLiteBehavior [ RunTime:0.000021s ]
INFO: [ app_init ] --END-- [ RunTime:0.000363s ]

[ 2018-05-21T01:25:21+08:00 ] ::1 /lab08/index.php/Home/Index/DataShow
INFO: [ app_init ] --START--
INFO: Run Behavior\BuildLiteBehavior [ RunTime:0.000022s ]
INFO: [ app_init ] --END-- [ RunTime:0.000365s ]

[ 2018-05-21T01:25:31+08:00 ] ::1 /lab08/index.php/Home/Index/DataUpdate?id=5
INFO: [ app_init ] --START--
INFO: Run Behavior\BuildLiteBehavior [ RunTime:0.000026s ]
INFO: [ app_init ] --END-- [ RunTime:0.000450s ]

[ 2018-05-21T01:25:35+08:00 ] ::1 /lab08/index.php/Home/Index/update
INFO: [ app_init ] --START--
INFO: Run Behavior\BuildLiteBehavior [ RunTime:0.000021s ]
INFO: [ app_init ] --END-- [ RunTime:0.000342s ]

[ 2018-05-21T01:25:36+08:00 ] ::1 /lab08/index.php/Home/Index/DataShow
INFO: [ app_init ] --START--
INFO: Run Behavior\BuildLiteBehavior [ RunTime:0.000030s ]
INFO: [ app_init ] --END-- [ RunTime:0.000542s ]

[ 2018-05-21T01:39:52+08:00 ] ::1 /lab08/index.php/Home/Index/Dataadd
INFO: [ app_init ] --START--
INFO: Run Behavior\BuildLiteBehavior [ RunTime:0.000021s ]
INFO: [ app_init ] --END-- [ RunTime:0.000466s ]
ERR: 非法操作:Dataadd

[ 2018-05-21T01:39:56+08:00 ] ::1 /lab08/index.php/Home/Index/DataAdd
INFO: [ app_init ] --START--
INFO: Run Behavior\BuildLiteBehavior [ RunTime:0.000023s ]
INFO: [ app_init ] --END-- [ RunTime:0.000633s ]

[ 2018-05-21T01:40:00+08:00 ] ::1 /lab08/index.php/Home/Index/add
INFO: [ app_init ] --START--
INFO: Run Behavior\BuildLiteBehavior [ RunTime:0.000040s ]
INFO: [ app_init ] --END-- [ RunTime:0.000540s ]

[ 2018-05-21T01:40:01+08:00 ] ::1 /lab08/index.php/Home/Index/DataShow
INFO: [ app_init ] --START--
INFO: Run Behavior\BuildLiteBehavior [ RunTime:0.000028s ]
INFO: [ app_init ] --END-- [ RunTime:0.000480s ]

[ 2018-05-21T01:58:17+08:00 ] ::1 /lab08/index.php/Home/Index/DataShow
INFO: [ app_init ] --START--
INFO: Run Behavior\BuildLiteBehavior [ RunTime:0.000026s ]
INFO: [ app_init ] --END-- [ RunTime:0.000464s ]

[ 2018-05-21T01:58:20+08:00 ] ::1 /lab08/index.php/Home/Index/order
INFO: [ app_init ] --START--
INFO: Run Behavior\BuildLiteBehavior [ RunTime:0.000021s ]
INFO: [ app_init ] --END-- [ RunTime:0.000355s ]
ERR: 模板不存在:./herbin/Home/View/Index/order.html

[ 2018-05-21T01:59:09+08:00 ] ::1 /lab08/index.php/Home/Index/order
INFO: [ app_init ] --START--
INFO: Run Behavior\BuildLiteBehavior [ RunTime:0.000028s ]
INFO: [ app_init ] --END-- [ RunTime:0.000492s ]

[ 2018-05-21T01:59:12+08:00 ] ::1 /lab08/index.php/Home/Index/DataShow
INFO: [ app_init ] --START--
INFO: Run Behavior\BuildLiteBehavior [ RunTime:0.000022s ]
INFO: [ app_init ] --END-- [ RunTime:0.000591s ]

[ 2018-05-21T01:59:15+08:00 ] ::1 /lab08/index.php/Home/Index/order
INFO: [ app_init ] --START--
INFO: Run Behavior\BuildLiteBehavior [ RunTime:0.000022s ]
INFO: [ app_init ] --END-- [ RunTime:0.000407s ]

[ 2018-05-21T01:59:15+08:00 ] ::1 /lab08/index.php/Home/Index/DataShow
INFO: [ app_init ] --START--
INFO: Run Behavior\BuildLiteBehavior [ RunTime:0.000033s ]
INFO: [ app_init ] --END-- [ RunTime:0.000480s ]

[ 2018-05-21T01:59:18+08:00 ] ::1 /lab08/index.php/Home/Index/order
INFO: [ app_init ] --START--
INFO: Run Behavior\BuildLiteBehavior [ RunTime:0.000028s ]
INFO: [ app_init ] --END-- [ RunTime:0.000480s ]

[ 2018-05-21T01:59:18+08:00 ] ::1 /lab08/index.php/Home/Index/DataShow
INFO: [ app_init ] --START--
INFO: Run Behavior\BuildLiteBehavior [ RunTime:0.000020s ]
INFO: [ app_init ] --END-- [ RunTime:0.000340s ]

[ 2018-05-21T01:59:20+08:00 ] ::1 /lab08/index.php/Home/Index/order
INFO: [ app_init ] --START--
INFO: Run Behavior\BuildLiteBehavior [ RunTime:0.000021s ]
INFO: [ app_init ] --END-- [ RunTime:0.000354s ]

[ 2018-05-21T01:59:20+08:00 ] ::1 /lab08/index.php/Home/Index/DataShow
INFO: [ app_init ] --START--
INFO: Run Behavior\BuildLiteBehavior [ RunTime:0.000021s ]
INFO: [ app_init ] --END-- [ RunTime:0.000355s ]

[ 2018-05-21T02:01:19+08:00 ] ::1 /lab08/index.php/Home/Index/DataShow
INFO: [ app_init ] --START--
INFO: Run Behavior\BuildLiteBehavior [ RunTime:0.000021s ]
INFO: [ app_init ] --END-- [ RunTime:0.000436s ]

[ 2018-05-21T02:01:25+08:00 ] ::1 /lab08/index.php/Home/Index/DataShow
INFO: [ app_init ] --START--
INFO: Run Behavior\BuildLiteBehavior [ RunTime:0.000020s ]
INFO: [ app_init ] --END-- [ RunTime:0.000397s ]

[ 2018-05-21T02:01:28+08:00 ] ::1 /lab08/index.php/Home/Index/DataShow
INFO: [ app_init ] --START--
INFO: Run Behavior\BuildLiteBehavior [ RunTime:0.000020s ]
INFO: [ app_init ] --END-- [ RunTime:0.000393s ]

[ 2018-05-21T02:02:04+08:00 ] ::1 /lab08/index.php/Home/Index/DataShow
INFO: [ app_init ] --START--
INFO: Run Behavior\BuildLiteBehavior [ RunTime:0.000024s ]
INFO: [ app_init ] --END-- [ RunTime:0.000400s ]

[ 2018-05-21T02:04:20+08:00 ] ::1 /lab08/index.php/Home/Index/DataShow
INFO: [ app_init ] --START--
INFO: Run Behavior\BuildLiteBehavior [ RunTime:0.000030s ]
INFO: [ app_init ] --END-- [ RunTime:0.000546s ]
ERR: 1054:Unknown column '排序' in 'order clause'
 [ SQL语句 ] : SELECT * FROM `tp_message` ORDER BY 排序 LIMIT 4  

[ 2018-05-21T02:07:14+08:00 ] ::1 /lab08/index.php/Home/Index/DataShow
INFO: [ app_init ] --START--
INFO: Run Behavior\BuildLiteBehavior [ RunTime:0.000021s ]
INFO: [ app_init ] --END-- [ RunTime:0.000440s ]
ERR: 1054:Unknown column '排序' in 'order clause'
 [ SQL语句 ] : SELECT * FROM `tp_message` ORDER BY 排序 LIMIT 4  

[ 2018-05-21T02:07:41+08:00 ] ::1 /lab08/index.php/Home/Index/DataShow
INFO: [ app_init ] --START--
INFO: Run Behavior\BuildLiteBehavior [ RunTime:0.000022s ]
INFO: [ app_init ] --END-- [ RunTime:0.000529s ]
ERR: 1054:Unknown column '排序' in 'order clause'
 [ SQL语句 ] : SELECT * FROM `tp_message` ORDER BY 排序 LIMIT 4  

[ 2018-05-21T02:08:12+08:00 ] ::1 /lab08/index.php/Home/Index/DataShow
INFO: [ app_init ] --START--
INFO: Run Behavior\BuildLiteBehavior [ RunTime:0.000022s ]
INFO: [ app_init ] --END-- [ RunTime:0.000379s ]
ERR: 1054:Unknown column '排序' in 'order clause'
 [ SQL语句 ] : SELECT * FROM `tp_message` ORDER BY 排序 LIMIT 4  

[ 2018-05-21T02:08:16+08:00 ] ::1 /lab08/index.php/Home/Index/DataShow
INFO: [ app_init ] --START--
INFO: Run Behavior\BuildLiteBehavior [ RunTime:0.000034s ]
INFO: [ app_init ] --END-- [ RunTime:0.000516s ]
ERR: 1054:Unknown column '排序' in 'order clause'
 [ SQL语句 ] : SELECT * FROM `tp_message` ORDER BY 排序 LIMIT 4  

[ 2018-05-21T02:08:18+08:00 ] ::1 /lab08/index.php/Home/Index/DataShow
INFO: [ app_init ] --START--
INFO: Run Behavior\BuildLiteBehavior [ RunTime:0.000023s ]
INFO: [ app_init ] --END-- [ RunTime:0.000399s ]

[ 2018-05-21T02:08:24+08:00 ] ::1 /lab08/index.php/Home/Index/DataShow
INFO: [ app_init ] --START--
INFO: Run Behavior\BuildLiteBehavior [ RunTime:0.000021s ]
INFO: [ app_init ] --END-- [ RunTime:0.000389s ]

[ 2018-05-21T02:08:26+08:00 ] ::1 /lab08/index.php/Home/Index/DataShow
INFO: [ app_init ] --START--
INFO: Run Behavior\BuildLiteBehavior [ RunTime:0.000026s ]
INFO: [ app_init ] --END-- [ RunTime:0.000395s ]

[ 2018-05-21T02:08:53+08:00 ] ::1 /lab08/index.php/Home/Index/DataShow
INFO: [ app_init ] --START--
INFO: Run Behavior\BuildLiteBehavior [ RunTime:0.000030s ]
INFO: [ app_init ] --END-- [ RunTime:0.000504s ]

[ 2018-05-21T02:12:47+08:00 ] ::1 /lab08/index.php/Home/Index/DataShow
INFO: [ app_init ] --START--
INFO: Run Behavior\BuildLiteBehavior [ RunTime:0.000022s ]
INFO: [ app_init ] --END-- [ RunTime:0.000400s ]

[ 2018-05-21T02:12:52+08:00 ] ::1 /lab08/index.php/Home/Index/DataShow
INFO: [ app_init ] --START--
INFO: Run Behavior\BuildLiteBehavior [ RunTime:0.000046s ]
INFO: [ app_init ] --END-- [ RunTime:0.000927s ]

[ 2018-05-21T02:12:55+08:00 ] ::1 /lab08/index.php/Home/Index/DataShow
INFO: [ app_init ] --START--
INFO: Run Behavior\BuildLiteBehavior [ RunTime:0.000028s ]
INFO: [ app_init ] --END-- [ RunTime:0.000479s ]

[ 2018-05-21T02:12:59+08:00 ] ::1 /lab08/index.php/Home/Index/DataShow
INFO: [ app_init ] --START--
INFO: Run Behavior\BuildLiteBehavior [ RunTime:0.000020s ]
INFO: [ app_init ] --END-- [ RunTime:0.000345s ]

[ 2018-05-21T02:13:20+08:00 ] ::1 /lab08/index.php/Home/Index/DataShow
INFO: [ app_init ] --START--
INFO: Run Behavior\BuildLiteBehavior [ RunTime:0.000021s ]
INFO: [ app_init ] --END-- [ RunTime:0.000392s ]

[ 2018-05-21T02:13:26+08:00 ] ::1 /lab08/index.php/Home/Index/DataShow
INFO: [ app_init ] --START--
INFO: Run Behavior\BuildLiteBehavior [ RunTime:0.000022s ]
INFO: [ app_init ] --END-- [ RunTime:0.000347s ]

[ 2018-05-21T02:13:30+08:00 ] ::1 /lab08/index.php/Home/Index/DataShow
INFO: [ app_init ] --START--
INFO: Run Behavior\BuildLiteBehavior [ RunTime:0.000021s ]
INFO: [ app_init ] --END-- [ RunTime:0.000376s ]

[ 2018-05-21T02:14:35+08:00 ] ::1 /lab08/index.php/Home/Index/DataShow
INFO: [ app_init ] --START--
INFO: Run Behavior\BuildLiteBehavior [ RunTime:0.000044s ]
INFO: [ app_init ] --END-- [ RunTime:0.000899s ]

[ 2018-05-21T02:14:43+08:00 ] ::1 /lab08/index.php/Home/Index/DataShow
INFO: [ app_init ] --START--
INFO: Run Behavior\BuildLiteBehavior [ RunTime:0.000022s ]
INFO: [ app_init ] --END-- [ RunTime:0.000403s ]

[ 2018-05-21T02:14:51+08:00 ] ::1 /lab08/index.php/Home/Index/DataShow
INFO: [ app_init ] --START--
INFO: Run Behavior\BuildLiteBehavior [ RunTime:0.000022s ]
INFO: [ app_init ] --END-- [ RunTime:0.000478s ]

[ 2018-05-21T02:15:08+08:00 ] ::1 /lab08/index.php/Home/Index/DataShow
INFO: [ app_init ] --START--
INFO: Run Behavior\BuildLiteBehavior [ RunTime:0.000024s ]
INFO: [ app_init ] --END-- [ RunTime:0.000404s ]

[ 2018-05-21T02:15:15+08:00 ] ::1 /lab08/index.php/Home/Index/DataShow
INFO: [ app_init ] --START--
INFO: Run Behavior\BuildLiteBehavior [ RunTime:0.000032s ]
INFO: [ app_init ] --END-- [ RunTime:0.000548s ]

[ 2018-05-21T02:16:19+08:00 ] ::1 /lab08/index.php/Home/Index/DataShow
INFO: [ app_init ] --START--
INFO: Run Behavior\BuildLiteBehavior [ RunTime:0.000027s ]
INFO: [ app_init ] --END-- [ RunTime:0.000461s ]

[ 2018-05-21T02:16:25+08:00 ] ::1 /lab08/index.php/Home/Index/DataShow
INFO: [ app_init ] --START--
INFO: Run Behavior\BuildLiteBehavior [ RunTime:0.000021s ]
INFO: [ app_init ] --END-- [ RunTime:0.000360s ]

[ 2018-05-21T02:16:51+08:00 ] ::1 /lab08/index.php/Home/Index/DataShow
INFO: [ app_init ] --START--
INFO: Run Behavior\BuildLiteBehavior [ RunTime:0.000023s ]
INFO: [ app_init ] --END-- [ RunTime:0.000383s ]

[ 2018-05-21T02:16:54+08:00 ] ::1 /lab08/index.php/Home/Index/DataShow
INFO: [ app_init ] --START--
INFO: Run Behavior\BuildLiteBehavior [ RunTime:0.000029s ]
INFO: [ app_init ] --END-- [ RunTime:0.000420s ]

[ 2018-05-21T02:17:06+08:00 ] ::1 /lab08/index.php/Home/Index/DataShow
INFO: [ app_init ] --START--
INFO: Run Behavior\BuildLiteBehavior [ RunTime:0.000023s ]
INFO: [ app_init ] --END-- [ RunTime:0.000383s ]

[ 2018-05-21T02:17:17+08:00 ] ::1 /lab08/index.php/Home/Index/DataShow
INFO: [ app_init ] --START--
INFO: Run Behavior\BuildLiteBehavior [ RunTime:0.000026s ]
INFO: [ app_init ] --END-- [ RunTime:0.000490s ]

[ 2018-05-21T02:17:23+08:00 ] ::1 /lab08/index.php/Home/Index/DataShow
INFO: [ app_init ] --START--
INFO: Run Behavior\BuildLiteBehavior [ RunTime:0.000025s ]
INFO: [ app_init ] --END-- [ RunTime:0.000451s ]

[ 2018-05-21T02:17:34+08:00 ] ::1 /lab08/index.php/Home/Index/DataShow
INFO: [ app_init ] --START--
INFO: Run Behavior\BuildLiteBehavior [ RunTime:0.000032s ]
INFO: [ app_init ] --END-- [ RunTime:0.000479s ]

[ 2018-05-21T02:17:41+08:00 ] ::1 /lab08/index.php/Home/Index/DataShow
INFO: [ app_init ] --START--
INFO: Run Behavior\BuildLiteBehavior [ RunTime:0.000024s ]
INFO: [ app_init ] --END-- [ RunTime:0.000481s ]

[ 2018-05-21T02:17:43+08:00 ] ::1 /lab08/index.php/Home/Index/DataShow
INFO: [ app_init ] --START--
INFO: Run Behavior\BuildLiteBehavior [ RunTime:0.000025s ]
INFO: [ app_init ] --END-- [ RunTime:0.000461s ]

[ 2018-05-21T02:17:46+08:00 ] ::1 /lab08/index.php/Home/Index/DataShow
INFO: [ app_init ] --START--
INFO: Run Behavior\BuildLiteBehavior [ RunTime:0.000021s ]
INFO: [ app_init ] --END-- [ RunTime:0.000345s ]

[ 2018-05-21T02:17:59+08:00 ] ::1 /lab08/index.php/Home/Index/DataShow
INFO: [ app_init ] --START--
INFO: Run Behavior\BuildLiteBehavior [ RunTime:0.000020s ]
INFO: [ app_init ] --END-- [ RunTime:0.000338s ]

[ 2018-05-21T02:18:01+08:00 ] ::1 /lab08/index.php/Home/Index/DataShow
INFO: [ app_init ] --START--
INFO: Run Behavior\BuildLiteBehavior [ RunTime:0.000028s ]
INFO: [ app_init ] --END-- [ RunTime:0.000466s ]

[ 2018-05-21T02:18:02+08:00 ] ::1 /lab08/index.php/Home/Index/DataShow
INFO: [ app_init ] --START--
INFO: Run Behavior\BuildLiteBehavior [ RunTime:0.000023s ]
INFO: [ app_init ] --END-- [ RunTime:0.000472s ]

[ 2018-05-21T02:18:06+08:00 ] ::1 /lab08/index.php/Home/Index/DataShow
INFO: [ app_init ] --START--
INFO: Run Behavior\BuildLiteBehavior [ RunTime:0.000020s ]
INFO: [ app_init ] --END-- [ RunTime:0.000343s ]

[ 2018-05-21T02:18:11+08:00 ] ::1 /lab08/index.php/Home/Index/DataShow
INFO: [ app_init ] --START--
INFO: Run Behavior\BuildLiteBehavior [ RunTime:0.000022s ]
INFO: [ app_init ] --END-- [ RunTime:0.000361s ]

[ 2018-05-21T02:18:13+08:00 ] ::1 /lab08/index.php/Home/Index/DataShow
INFO: [ app_init ] --START--
INFO: Run Behavior\BuildLiteBehavior [ RunTime:0.000020s ]
INFO: [ app_init ] --END-- [ RunTime:0.000346s ]

[ 2018-05-21T02:18:17+08:00 ] ::1 /lab08/index.php/Home/Index/DataShow
INFO: [ app_init ] --START--
INFO: Run Behavior\BuildLiteBehavior [ RunTime:0.000020s ]
INFO: [ app_init ] --END-- [ RunTime:0.000341s ]

[ 2018-05-21T02:18:20+08:00 ] ::1 /lab08/index.php/Home/Index/DataShow
INFO: [ app_init ] --START--
INFO: Run Behavior\BuildLiteBehavior [ RunTime:0.000022s ]
INFO: [ app_init ] --END-- [ RunTime:0.000589s ]

[ 2018-05-21T02:18:22+08:00 ] ::1 /lab08/index.php/Home/Index/DataShow
INFO: [ app_init ] --START--
INFO: Run Behavior\BuildLiteBehavior [ RunTime:0.000058s ]
INFO: [ app_init ] --END-- [ RunTime:0.000648s ]

[ 2018-05-21T02:23:59+08:00 ] ::1 /lab08/index.php/Home/Index/del?id=1
INFO: [ app_init ] --START--
INFO: Run Behavior\BuildLiteBehavior [ RunTime:0.000022s ]
INFO: [ app_init ] --END-- [ RunTime:0.000586s ]

[ 2018-05-21T02:24:03+08:00 ] ::1 /lab08/index.php/Home/Index/DataShow
INFO: [ app_init ] --START--
INFO: Run Behavior\BuildLiteBehavior [ RunTime:0.000035s ]
INFO: [ app_init ] --END-- [ RunTime:0.000585s ]

[ 2018-05-21T02:24:07+08:00 ] ::1 /lab08/index.php/Home/Index/DataUpdate?id=2
INFO: [ app_init ] --START--
INFO: Run Behavior\BuildLiteBehavior [ RunTime:0.000028s ]
INFO: [ app_init ] --END-- [ RunTime:0.000482s ]

[ 2018-05-21T02:24:36+08:00 ] ::1 /lab08/index.php/Home/Index/DataShow
INFO: [ app_init ] --START--
INFO: Run Behavior\BuildLiteBehavior [ RunTime:0.000021s ]
INFO: [ app_init ] --END-- [ RunTime:0.000392s ]

[ 2018-05-21T02:24:40+08:00 ] ::1 /lab08/index.php/Home/Index/DataShow
INFO: [ app_init ] --START--
INFO: Run Behavior\BuildLiteBehavior [ RunTime:0.000023s ]
INFO: [ app_init ] --END-- [ RunTime:0.000418s ]

[ 2018-05-21T02:24:43+08:00 ] ::1 /lab08/index.php/Home/Index/DataShow
INFO: [ app_init ] --START--
INFO: Run Behavior\BuildLiteBehavior [ RunTime:0.000035s ]
INFO: [ app_init ] --END-- [ RunTime:0.000562s ]

[ 2018-05-21T02:25:01+08:00 ] ::1 /lab08/index.php/Home/Index/DataShow
INFO: [ app_init ] --START--
INFO: Run Behavior\BuildLiteBehavior [ RunTime:0.000020s ]
INFO: [ app_init ] --END-- [ RunTime:0.000346s ]

[ 2018-05-21T09:03:06+08:00 ] ::1 /lab08/index.php/Home/Index/DataShow
INFO: [ app_init ] --START--
INFO: Run Behavior\BuildLiteBehavior [ RunTime:0.000022s ]
INFO: [ app_init ] --END-- [ RunTime:0.000354s ]

[ 2018-05-21T09:03:19+08:00 ] ::1 /lab08/index.php/Home/Index/DataShow
INFO: [ app_init ] --START--
INFO: Run Behavior\BuildLiteBehavior [ RunTime:0.000021s ]
INFO: [ app_init ] --END-- [ RunTime:0.000340s ]

[ 2018-05-21T09:03:26+08:00 ] ::1 /lab08/index.php/Home/Index/DataShow
INFO: [ app_init ] --START--
INFO: Run Behavior\BuildLiteBehavior [ RunTime:0.000021s ]
INFO: [ app_init ] --END-- [ RunTime:0.000375s ]

[ 2018-05-21T09:03:29+08:00 ] ::1 /lab08/index.php/Home/Index/DataShow
INFO: [ app_init ] --START--
INFO: Run Behavior\BuildLiteBehavior [ RunTime:0.000020s ]
INFO: [ app_init ] --END-- [ RunTime:0.000340s ]

[ 2018-05-21T09:03:31+08:00 ] ::1 /lab08/index.php/Home/Index/DataShow
INFO: [ app_init ] --START--
INFO: Run Behavior\BuildLiteBehavior [ RunTime:0.000021s ]
INFO: [ app_init ] --END-- [ RunTime:0.000352s ]

[ 2018-05-21T09:03:50+08:00 ] ::1 /lab08/index.php/Home/Index/DataShow
INFO: [ app_init ] --START--
INFO: Run Behavior\BuildLiteBehavior [ RunTime:0.000044s ]
INFO: [ app_init ] --END-- [ RunTime:0.000487s ]

[ 2018-05-21T09:07:05+08:00 ] ::1 /lab08/index.php/Home/Index/DataShow
INFO: [ app_init ] --START--
INFO: Run Behavior\BuildLiteBehavior [ RunTime:0.000021s ]
INFO: [ app_init ] --END-- [ RunTime:0.000539s ]

[ 2018-05-21T09:07:07+08:00 ] ::1 /lab08/index.php/Home/Index/DataShow
INFO: [ app_init ] --START--
INFO: Run Behavior\BuildLiteBehavior [ RunTime:0.000027s ]
INFO: [ app_init ] --END-- [ RunTime:0.000450s ]

[ 2018-05-21T09:08:17+08:00 ] ::1 /lab08/index.php/Home/Index/DataShow
INFO: [ app_init ] --START--
INFO: Run Behavior\BuildLiteBehavior [ RunTime:0.000021s ]
INFO: [ app_init ] --END-- [ RunTime:0.000349s ]

[ 2018-05-21T09:08:19+08:00 ] ::1 /lab08/index.php/Home/Index/DataShow
INFO: [ app_init ] --START--
INFO: Run Behavior\BuildLiteBehavior [ RunTime:0.000029s ]
INFO: [ app_init ] --END-- [ RunTime:0.000478s ]

[ 2018-05-21T09:08:26+08:00 ] ::1 /lab08/index.php/Home/Index/DataShow
INFO: [ app_init ] --START--
INFO: Run Behavior\BuildLiteBehavior [ RunTime:0.000021s ]
INFO: [ app_init ] --END-- [ RunTime:0.000341s ]

[ 2018-05-21T09:09:34+08:00 ] ::1 /lab08/index.php/Home/Index/DataShow
INFO: [ app_init ] --START--
INFO: Run Behavior\BuildLiteBehavior [ RunTime:0.000034s ]
INFO: [ app_init ] --END-- [ RunTime:0.000875s ]

[ 2018-05-21T09:09:43+08:00 ] ::1 /lab08/index.php/Home/Index/DataShow
INFO: [ app_init ] --START--
INFO: Run Behavior\BuildLiteBehavior [ RunTime:0.000023s ]
INFO: [ app_init ] --END-- [ RunTime:0.000531s ]

[ 2018-05-21T09:10:57+08:00 ] ::1 /lab08/index.php/Home/Index/DataShow
INFO: [ app_init ] --START--
INFO: Run Behavior\BuildLiteBehavior [ RunTime:0.000021s ]
INFO: [ app_init ] --END-- [ RunTime:0.000365s ]

[ 2018-05-21T09:11:01+08:00 ] ::1 /lab08/index.php/Home/Index/DataShow
INFO: [ app_init ] --START--
INFO: Run Behavior\BuildLiteBehavior [ RunTime:0.000024s ]
INFO: [ app_init ] --END-- [ RunTime:0.000393s ]

[ 2018-05-21T09:11:54+08:00 ] ::1 /lab08/index.php/Home/Index/DataShow
INFO: [ app_init ] --START--
INFO: Run Behavior\BuildLiteBehavior [ RunTime:0.000022s ]
INFO: [ app_init ] --END-- [ RunTime:0.000444s ]

[ 2018-05-21T09:11:56+08:00 ] ::1 /lab08/index.php/Home/Index/DataShow
INFO: [ app_init ] --START--
INFO: Run Behavior\BuildLiteBehavior [ RunTime:0.000022s ]
INFO: [ app_init ] --END-- [ RunTime:0.000480s ]

[ 2018-05-21T09:12:00+08:00 ] ::1 /lab08/index.php/Home/Index/DataShow
INFO: [ app_init ] --START--
INFO: Run Behavior\BuildLiteBehavior [ RunTime:0.000023s ]
INFO: [ app_init ] --END-- [ RunTime:0.000377s ]

[ 2018-05-21T09:12:44+08:00 ] ::1 /lab08/index.php/Home/Index/DataShow
INFO: [ app_init ] --START--
INFO: Run Behavior\BuildLiteBehavior [ RunTime:0.000030s ]
INFO: [ app_init ] --END-- [ RunTime:0.000475s ]

[ 2018-05-21T09:12:49+08:00 ] ::1 /lab08/index.php/Home/Index/DataShow
INFO: [ app_init ] --START--
INFO: Run Behavior\BuildLiteBehavior [ RunTime:0.000022s ]
INFO: [ app_init ] --END-- [ RunTime:0.000534s ]

[ 2018-05-21T09:12:54+08:00 ] ::1 /lab08/index.php/Home/Index/DataShow
INFO: [ app_init ] --START--
INFO: Run Behavior\BuildLiteBehavior [ RunTime:0.000022s ]
INFO: [ app_init ] --END-- [ RunTime:0.000391s ]

[ 2018-05-21T09:12:58+08:00 ] ::1 /lab08/index.php/Home/Index/DataShow
INFO: [ app_init ] --START--
INFO: Run Behavior\BuildLiteBehavior [ RunTime:0.000028s ]
INFO: [ app_init ] --END-- [ RunTime:0.000468s ]

[ 2018-05-21T09:13:14+08:00 ] ::1 /lab08/index.php/Home/Index/DataShow
INFO: [ app_init ] --START--
INFO: Run Behavior\BuildLiteBehavior [ RunTime:0.000021s ]
INFO: [ app_init ] --END-- [ RunTime:0.000345s ]

[ 2018-05-21T09:16:29+08:00 ] ::1 /lab08/index.php/Home/Index/DataShow
INFO: [ app_init ] --START--
INFO: Run Behavior\BuildLiteBehavior [ RunTime:0.000021s ]
INFO: [ app_init ] --END-- [ RunTime:0.000428s ]

[ 2018-05-21T09:16:34+08:00 ] ::1 /lab08/index.php/Home/Index/DataShow
INFO: [ app_init ] --START--
INFO: Run Behavior\BuildLiteBehavior [ RunTime:0.000021s ]
INFO: [ app_init ] --END-- [ RunTime:0.000339s ]

[ 2018-05-21T09:21:08+08:00 ] ::1 /lab08/index.php/Home/Index/DataShow
INFO: [ app_init ] --START--
INFO: Run Behavior\BuildLiteBehavior [ RunTime:0.000025s ]
INFO: [ app_init ] --END-- [ RunTime:0.000445s ]

[ 2018-05-21T09:21:11+08:00 ] ::1 /lab08/index.php/Home/Index/DataShow
INFO: [ app_init ] --START--
INFO: Run Behavior\BuildLiteBehavior [ RunTime:0.000022s ]
INFO: [ app_init ] --END-- [ RunTime:0.000365s ]

[ 2018-05-21T09:21:17+08:00 ] ::1 /lab08/index.php/Home/Index/DataShow
INFO: [ app_init ] --START--
INFO: Run Behavior\BuildLiteBehavior [ RunTime:0.000022s ]
INFO: [ app_init ] --END-- [ RunTime:0.000378s ]

[ 2018-05-21T09:23:05+08:00 ] ::1 /lab08/index.php/Home/Index/DataShow
INFO: [ app_init ] --START--
INFO: Run Behavior\BuildLiteBehavior [ RunTime:0.000020s ]
INFO: [ app_init ] --END-- [ RunTime:0.000336s ]

[ 2018-05-21T09:23:07+08:00 ] ::1 /lab08/index.php/Home/Index/DataShow
INFO: [ app_init ] --START--
INFO: Run Behavior\BuildLiteBehavior [ RunTime:0.000042s ]
INFO: [ app_init ] --END-- [ RunTime:0.000488s ]

[ 2018-05-21T09:23:32+08:00 ] ::1 /lab08/index.php/Home/Index/DataShow
INFO: [ app_init ] --START--
INFO: Run Behavior\BuildLiteBehavior [ RunTime:0.000115s ]
INFO: [ app_init ] --END-- [ RunTime:0.000475s ]

[ 2018-05-21T09:23:33+08:00 ] ::1 /lab08/index.php/Home/Index/DataShow
INFO: [ app_init ] --START--
INFO: Run Behavior\BuildLiteBehavior [ RunTime:0.000027s ]
INFO: [ app_init ] --END-- [ RunTime:0.000460s ]

[ 2018-05-21T09:23:35+08:00 ] ::1 /lab08/index.php/Home/Index/DataShow
INFO: [ app_init ] --START--
INFO: Run Behavior\BuildLiteBehavior [ RunTime:0.000020s ]
INFO: [ app_init ] --END-- [ RunTime:0.000336s ]

[ 2018-05-21T09:23:36+08:00 ] ::1 /lab08/index.php/Home/Index/DataShow
INFO: [ app_init ] --START--
INFO: Run Behavior\BuildLiteBehavior [ RunTime:0.000028s ]
INFO: [ app_init ] --END-- [ RunTime:0.000479s ]

[ 2018-05-21T09:24:32+08:00 ] ::1 /lab08/index.php/Home/Index/DataShow
INFO: [ app_init ] --START--
INFO: Run Behavior\BuildLiteBehavior [ RunTime:0.000022s ]
INFO: [ app_init ] --END-- [ RunTime:0.000356s ]

[ 2018-05-21T09:27:31+08:00 ] ::1 /lab08/index.php/Home/Index/DataShow
INFO: [ app_init ] --START--
INFO: Run Behavior\BuildLiteBehavior [ RunTime:0.000021s ]
INFO: [ app_init ] --END-- [ RunTime:0.000389s ]

[ 2018-05-21T09:30:24+08:00 ] ::1 /lab08/index.php/Home/Index/DataShow
INFO: [ app_init ] --START--
INFO: Run Behavior\BuildLiteBehavior [ RunTime:0.000021s ]
INFO: [ app_init ] --END-- [ RunTime:0.000372s ]

[ 2018-05-21T09:30:34+08:00 ] ::1 /lab08/index.php/Home/Index/DataShow
INFO: [ app_init ] --START--
INFO: Run Behavior\BuildLiteBehavior [ RunTime:0.000029s ]
INFO: [ app_init ] --END-- [ RunTime:0.000424s ]

[ 2018-05-21T09:30:36+08:00 ] ::1 /lab08/index.php/Home/Index/DataShow
INFO: [ app_init ] --START--
INFO: Run Behavior\BuildLiteBehavior [ RunTime:0.000029s ]
INFO: [ app_init ] --END-- [ RunTime:0.000482s ]

[ 2018-05-21T09:30:42+08:00 ] ::1 /lab08/index.php/Home/Index/DataShow
INFO: [ app_init ] --START--
INFO: Run Behavior\BuildLiteBehavior [ RunTime:0.000021s ]
INFO: [ app_init ] --END-- [ RunTime:0.000350s ]

[ 2018-05-21T09:30:54+08:00 ] ::1 /lab08/index.php/Home/Index/DataShow
INFO: [ app_init ] --START--
INFO: Run Behavior\BuildLiteBehavior [ RunTime:0.000022s ]
INFO: [ app_init ] --END-- [ RunTime:0.000673s ]

[ 2018-05-21T09:31:02+08:00 ] ::1 /lab08/index.php/Home/Index/DataShow
INFO: [ app_init ] --START--
INFO: Run Behavior\BuildLiteBehavior [ RunTime:0.000028s ]
INFO: [ app_init ] --END-- [ RunTime:0.000455s ]

[ 2018-05-21T09:33:54+08:00 ] ::1 /lab08/index.php/Home/Index/DataShow
INFO: [ app_init ] --START--
INFO: Run Behavior\BuildLiteBehavior [ RunTime:0.000020s ]
INFO: [ app_init ] --END-- [ RunTime:0.000377s ]

[ 2018-05-21T09:33:55+08:00 ] ::1 /lab08/index.php/Home/Index/DataShow
INFO: [ app_init ] --START--
INFO: Run Behavior\BuildLiteBehavior [ RunTime:0.000028s ]
INFO: [ app_init ] --END-- [ RunTime:0.000464s ]

[ 2018-05-21T09:43:07+08:00 ] ::1 /lab08/index.php/Home/Index/DataShow
INFO: [ app_init ] --START--
INFO: Run Behavior\BuildLiteBehavior [ RunTime:0.000028s ]
INFO: [ app_init ] --END-- [ RunTime:0.000536s ]

[ 2018-05-21T09:43:09+08:00 ] ::1 /lab08/index.php/Home/Index/add
INFO: [ app_init ] --START--
INFO: Run Behavior\BuildLiteBehavior [ RunTime:0.000021s ]
INFO: [ app_init ] --END-- [ RunTime:0.000339s ]

[ 2018-05-21T09:44:48+08:00 ] ::1 /lab08/index.php/Home/Index/DataShow
INFO: [ app_init ] --START--
INFO: Run Behavior\BuildLiteBehavior [ RunTime:0.000035s ]
INFO: [ app_init ] --END-- [ RunTime:0.000477s ]

[ 2018-05-21T09:44:50+08:00 ] ::1 /lab08/index.php/Home/Index/DataAdd
INFO: [ app_init ] --START--
INFO: Run Behavior\BuildLiteBehavior [ RunTime:0.000020s ]
INFO: [ app_init ] --END-- [ RunTime:0.000415s ]

[ 2018-05-21T09:44:50+08:00 ] ::1 /lab08/index.php/Home/Index/%7B:U('public/verify')%7D
INFO: [ app_init ] --START--
INFO: Run Behavior\BuildLiteBehavior [ RunTime:0.000026s ]
INFO: [ app_init ] --END-- [ RunTime:0.000474s ]
ERR: 非法操作:{:U('public

[ 2018-05-21T09:44:52+08:00 ] ::1 /lab08/index.php/Home/Index/add
INFO: [ app_init ] --START--
INFO: Run Behavior\BuildLiteBehavior [ RunTime:0.000023s ]
INFO: [ app_init ] --END-- [ RunTime:0.000391s ]

[ 2018-05-21T09:44:56+08:00 ] ::1 /lab08/index.php/Home/Index/DataShow
INFO: [ app_init ] --START--
INFO: Run Behavior\BuildLiteBehavior [ RunTime:0.000027s ]
INFO: [ app_init ] --END-- [ RunTime:0.000458s ]

[ 2018-05-21T09:44:58+08:00 ] ::1 /lab08/index.php/Home/Index/DataAdd
INFO: [ app_init ] --START--
INFO: Run Behavior\BuildLiteBehavior [ RunTime:0.000028s ]
INFO: [ app_init ] --END-- [ RunTime:0.000471s ]

[ 2018-05-21T09:44:58+08:00 ] ::1 /lab08/index.php/Home/Index/%7B:U('public/verify')%7D
INFO: [ app_init ] --START--
INFO: Run Behavior\BuildLiteBehavior [ RunTime:0.000024s ]
INFO: [ app_init ] --END-- [ RunTime:0.000432s ]
ERR: 非法操作:{:U('public

[ 2018-05-21T09:45:00+08:00 ] ::1 /lab08/index.php/Home/Index/%7B:U('public/verify')%7D?0.645219448630066
INFO: [ app_init ] --START--
INFO: Run Behavior\BuildLiteBehavior [ RunTime:0.000028s ]
INFO: [ app_init ] --END-- [ RunTime:0.000465s ]
ERR: 非法操作:{:U('public

[ 2018-05-21T09:47:15+08:00 ] ::1 /lab08/index.php/Home/Index/DataAdd
INFO: [ app_init ] --START--
INFO: Run Behavior\BuildLiteBehavior [ RunTime:0.000025s ]
INFO: [ app_init ] --END-- [ RunTime:0.001037s ]

[ 2018-05-21T09:47:15+08:00 ] ::1 /lab08/index.php/Home/Index/%7B:U('public/verify')%7D
INFO: [ app_init ] --START--
INFO: Run Behavior\BuildLiteBehavior [ RunTime:0.000022s ]
INFO: [ app_init ] --END-- [ RunTime:0.000419s ]
ERR: 非法操作:{:U('public

[ 2018-05-21T09:47:31+08:00 ] ::1 /lab08/index.php/Home/Index/DataAdd
INFO: [ app_init ] --START--
INFO: Run Behavior\BuildLiteBehavior [ RunTime:0.000020s ]
INFO: [ app_init ] --END-- [ RunTime:0.000348s ]

[ 2018-05-21T09:47:31+08:00 ] ::1 /lab08/index.php/Home/Index/%7B:U('public/verify')%7D
INFO: [ app_init ] --START--
INFO: Run Behavior\BuildLiteBehavior [ RunTime:0.000053s ]
INFO: [ app_init ] --END-- [ RunTime:0.000516s ]
ERR: 非法操作:{:U('public

[ 2018-05-21T09:47:32+08:00 ] ::1 /lab08/index.php/Home/Index/%7B:U('public/verify')%7D?0.7336211589508042
INFO: [ app_init ] --START--
INFO: Run Behavior\BuildLiteBehavior [ RunTime:0.000049s ]
INFO: [ app_init ] --END-- [ RunTime:0.000581s ]
ERR: 非法操作:{:U('public

[ 2018-05-21T09:47:33+08:00 ] ::1 /lab08/index.php/Home/Index/%7B:U('public/verify')%7D?0.7336211589508042?0.9096566973758089
INFO: [ app_init ] --START--
INFO: Run Behavior\BuildLiteBehavior [ RunTime:0.000027s ]
INFO: [ app_init ] --END-- [ RunTime:0.000456s ]
ERR: 非法操作:{:U('public

[ 2018-05-21T09:49:10+08:00 ] ::1 /lab08/index.php/Home/Index/DataAdd
INFO: [ app_init ] --START--
INFO: Run Behavior\BuildLiteBehavior [ RunTime:0.000029s ]
INFO: [ app_init ] --END-- [ RunTime:0.000512s ]

[ 2018-05-21T09:49:10+08:00 ] ::1 /lab08/index.php/Home/public/verify.html
INFO: [ app_init ] --START--
INFO: Run Behavior\BuildLiteBehavior [ RunTime:0.000024s ]
INFO: [ app_init ] --END-- [ RunTime:0.000577s ]
ERR: 无法加载控制器:Public

[ 2018-05-21T09:49:12+08:00 ] ::1 /lab08/index.php/Home/Index/DataAdd
INFO: [ app_init ] --START--
INFO: Run Behavior\BuildLiteBehavior [ RunTime:0.000020s ]
INFO: [ app_init ] --END-- [ RunTime:0.000333s ]

[ 2018-05-21T09:49:12+08:00 ] ::1 /lab08/index.php/Home/public/verify.html
INFO: [ app_init ] --START--
INFO: Run Behavior\BuildLiteBehavior [ RunTime:0.000025s ]
INFO: [ app_init ] --END-- [ RunTime:0.000410s ]
ERR: 无法加载控制器:Public

[ 2018-05-21T09:49:21+08:00 ] ::1 /lab08/index.php/Home/Index/DataAdd
INFO: [ app_init ] --START--
INFO: Run Behavior\BuildLiteBehavior [ RunTime:0.000027s ]
INFO: [ app_init ] --END-- [ RunTime:0.000522s ]

[ 2018-05-21T09:49:21+08:00 ] ::1 /lab08/index.php/Home/public/verify.html
INFO: [ app_init ] --START--
INFO: Run Behavior\BuildLiteBehavior [ RunTime:0.000038s ]
INFO: [ app_init ] --END-- [ RunTime:0.001193s ]
ERR: 无法加载控制器:Public

[ 2018-05-21T09:49:26+08:00 ] ::1 /lab08/index.php/Home/Index/DataAdd
INFO: [ app_init ] --START--
INFO: Run Behavior\BuildLiteBehavior [ RunTime:0.000028s ]
INFO: [ app_init ] --END-- [ RunTime:0.000455s ]

[ 2018-05-21T09:49:26+08:00 ] ::1 /lab08/index.php/Home/public/verify.html
INFO: [ app_init ] --START--
INFO: Run Behavior\BuildLiteBehavior [ RunTime:0.000025s ]
INFO: [ app_init ] --END-- [ RunTime:0.000416s ]
ERR: 无法加载控制器:Public

[ 2018-05-21T09:51:07+08:00 ] ::1 /lab08/index.php/Home/Index/DataAdd
INFO: [ app_init ] --START--
INFO: Run Behavior\BuildLiteBehavior [ RunTime:0.000022s ]
INFO: [ app_init ] --END-- [ RunTime:0.000471s ]

[ 2018-05-21T09:51:07+08:00 ] ::1 /lab08/index.php/Home/index/verify.html
INFO: [ app_init ] --START--
INFO: Run Behavior\BuildLiteBehavior [ RunTime:0.000021s ]
INFO: [ app_init ] --END-- [ RunTime:0.000346s ]

[ 2018-05-21T09:51:10+08:00 ] ::1 /lab08/index.php/Home/Index/DataAdd
INFO: [ app_init ] --START--
INFO: Run Behavior\BuildLiteBehavior [ RunTime:0.000021s ]
INFO: [ app_init ] --END-- [ RunTime:0.000375s ]

[ 2018-05-21T09:51:10+08:00 ] ::1 /lab08/index.php/Home/index/verify.html
INFO: [ app_init ] --START--
INFO: Run Behavior\BuildLiteBehavior [ RunTime:0.000026s ]
INFO: [ app_init ] --END-- [ RunTime:0.000401s ]

[ 2018-05-21T09:51:43+08:00 ] ::1 /lab08/index.php/Home/Index/DataShow
INFO: [ app_init ] --START--
INFO: Run Behavior\BuildLiteBehavior [ RunTime:0.000035s ]
INFO: [ app_init ] --END-- [ RunTime:0.000437s ]

[ 2018-05-21T09:51:44+08:00 ] ::1 /lab08/index.php/Home/Index/DataShow
INFO: [ app_init ] --START--
INFO: Run Behavior\BuildLiteBehavior [ RunTime:0.000036s ]
INFO: [ app_init ] --END-- [ RunTime:0.000383s ]

[ 2018-05-21T09:52:07+08:00 ] ::1 /lab08/index.php/Home/Index/DataShow
INFO: [ app_init ] --START--
INFO: Run Behavior\BuildLiteBehavior [ RunTime:0.000022s ]
INFO: [ app_init ] --END-- [ RunTime:0.000450s ]

[ 2018-05-21T09:57:59+08:00 ] ::1 /lab08/index.php/Home/Index/DataAdd
INFO: [ app_init ] --START--
INFO: Run Behavior\BuildLiteBehavior [ RunTime:0.000024s ]
INFO: [ app_init ] --END-- [ RunTime:0.000435s ]

[ 2018-05-21T09:57:59+08:00 ] ::1 /lab08/index.php/Home/index/verify.html
INFO: [ app_init ] --START--
INFO: Run Behavior\BuildLiteBehavior [ RunTime:0.000025s ]
INFO: [ app_init ] --END-- [ RunTime:0.000739s ]

[ 2018-05-21T09:58:01+08:00 ] ::1 /lab08/index.php/Home/index/verify.html?0.7723783714966017
INFO: [ app_init ] --START--
INFO: Run Behavior\BuildLiteBehavior [ RunTime:0.000020s ]
INFO: [ app_init ] --END-- [ RunTime:0.000341s ]

[ 2018-05-21T09:58:12+08:00 ] ::1 /lab08/index.php/Home/Index/add
INFO: [ app_init ] --START--
INFO: Run Behavior\BuildLiteBehavior [ RunTime:0.000025s ]
INFO: [ app_init ] --END-- [ RunTime:0.000412s ]

[ 2018-05-21T09:58:16+08:00 ] ::1 /lab08/index.php/Home/Index/DataAdd
INFO: [ app_init ] --START--
INFO: Run Behavior\BuildLiteBehavior [ RunTime:0.000036s ]
INFO: [ app_init ] --END-- [ RunTime:0.000587s ]

[ 2018-05-21T09:58:16+08:00 ] ::1 /lab08/index.php/Home/index/verify.html
INFO: [ app_init ] --START--
INFO: Run Behavior\BuildLiteBehavior [ RunTime:0.000025s ]
INFO: [ app_init ] --END-- [ RunTime:0.000418s ]

[ 2018-05-21T09:59:03+08:00 ] ::1 /lab08/index.php/Home/Index/add
INFO: [ app_init ] --START--
INFO: Run Behavior\BuildLiteBehavior [ RunTime:0.000021s ]
INFO: [ app_init ] --END-- [ RunTime:0.000346s ]

[ 2018-05-21T09:59:06+08:00 ] ::1 /lab08/index.php/Home/Index/DataAdd
INFO: [ app_init ] --START--
INFO: Run Behavior\BuildLiteBehavior [ RunTime:0.000035s ]
INFO: [ app_init ] --END-- [ RunTime:0.000687s ]

[ 2018-05-21T09:59:06+08:00 ] ::1 /lab08/index.php/Home/index/verify.html
INFO: [ app_init ] --START--
INFO: Run Behavior\BuildLiteBehavior [ RunTime:0.000022s ]
INFO: [ app_init ] --END-- [ RunTime:0.000359s ]

[ 2018-05-21T09:59:16+08:00 ] ::1 /lab08/index.php/Home/Index/add
INFO: [ app_init ] --START--
INFO: Run Behavior\BuildLiteBehavior [ RunTime:0.000022s ]
INFO: [ app_init ] --END-- [ RunTime:0.000366s ]

[ 2018-05-21T09:59:19+08:00 ] ::1 /lab08/index.php/Home/Index/DataAdd
INFO: [ app_init ] --START--
INFO: Run Behavior\BuildLiteBehavior [ RunTime:0.000024s ]
INFO: [ app_init ] --END-- [ RunTime:0.000535s ]

[ 2018-05-21T09:59:19+08:00 ] ::1 /lab08/index.php/Home/index/verify.html
INFO: [ app_init ] --START--
INFO: Run Behavior\BuildLiteBehavior [ RunTime:0.000021s ]
INFO: [ app_init ] --END-- [ RunTime:0.000354s ]

[ 2018-05-21T09:59:38+08:00 ] ::1 /lab08/index.php/Home/Index/DataAdd
INFO: [ app_init ] --START--
INFO: Run Behavior\BuildLiteBehavior [ RunTime:0.000033s ]
INFO: [ app_init ] --END-- [ RunTime:0.000561s ]

[ 2018-05-21T09:59:38+08:00 ] ::1 /lab08/index.php/Home/index/verify.html
INFO: [ app_init ] --START--
INFO: Run Behavior\BuildLiteBehavior [ RunTime:0.000025s ]
INFO: [ app_init ] --END-- [ RunTime:0.000412s ]

[ 2018-05-21T09:59:44+08:00 ] ::1 /lab08/index.php/Home/Index/add
INFO: [ app_init ] --START--
INFO: Run Behavior\BuildLiteBehavior [ RunTime:0.000044s ]
INFO: [ app_init ] --END-- [ RunTime:0.000419s ]

[ 2018-05-21T09:59:49+08:00 ] ::1 /lab08/index.php/Home/Index/DataShow
INFO: [ app_init ] --START--
INFO: Run Behavior\BuildLiteBehavior [ RunTime:0.000021s ]
INFO: [ app_init ] --END-- [ RunTime:0.000339s ]

[ 2018-05-21T10:06:45+08:00 ] ::1 /lab08/index.php/Home/Index/DataShow
INFO: [ app_init ] --START--
INFO: Run Behavior\BuildLiteBehavior [ RunTime:0.000028s ]
INFO: [ app_init ] --END-- [ RunTime:0.000517s ]

[ 2018-05-21T10:06:48+08:00 ] ::1 /lab08/index.php/Home/Index/DataShow/p/2.html
INFO: [ app_init ] --START--
INFO: Run Behavior\BuildLiteBehavior [ RunTime:0.000021s ]
INFO: [ app_init ] --END-- [ RunTime:0.000342s ]

[ 2018-05-21T10:06:50+08:00 ] ::1 /lab08/index.php/Home/Index/DataShow/p/3.html
INFO: [ app_init ] --START--
INFO: Run Behavior\BuildLiteBehavior [ RunTime:0.000032s ]
INFO: [ app_init ] --END-- [ RunTime:0.000496s ]

[ 2018-05-21T10:06:52+08:00 ] ::1 /lab08/index.php/Home/Index/DataShow/p/1.html
INFO: [ app_init ] --START--
INFO: Run Behavior\BuildLiteBehavior [ RunTime:0.000020s ]
INFO: [ app_init ] --END-- [ RunTime:0.000400s ]

[ 2018-05-21T10:06:56+08:00 ] ::1 /lab08/index.php/Home/Index/DataShow
INFO: [ app_init ] --START--
INFO: Run Behavior\BuildLiteBehavior [ RunTime:0.000021s ]
INFO: [ app_init ] --END-- [ RunTime:0.000345s ]

[ 2018-05-21T10:06:58+08:00 ] ::1 /lab08/index.php/Home/Index/DataShow/p/2.html
INFO: [ app_init ] --START--
INFO: Run Behavior\BuildLiteBehavior [ RunTime:0.000028s ]
INFO: [ app_init ] --END-- [ RunTime:0.000461s ]

[ 2018-05-21T10:07:01+08:00 ] ::1 /lab08/index.php/Home/Index/DataShow/p/3.html
INFO: [ app_init ] --START--
INFO: Run Behavior\BuildLiteBehavior [ RunTime:0.000029s ]
INFO: [ app_init ] --END-- [ RunTime:0.000414s ]

[ 2018-05-21T10:08:44+08:00 ] ::1 /lab08/index.php/Home/Index/DataShow
INFO: [ app_init ] --START--
INFO: Run Behavior\BuildLiteBehavior [ RunTime:0.000029s ]
INFO: [ app_init ] --END-- [ RunTime:0.000477s ]

[ 2018-05-21T10:08:47+08:00 ] ::1 /lab08/index.php/Home/Index/DataShow/p/2.html
INFO: [ app_init ] --START--
INFO: Run Behavior\BuildLiteBehavior [ RunTime:0.000028s ]
INFO: [ app_init ] --END-- [ RunTime:0.000515s ]

[ 2018-05-21T10:08:50+08:00 ] ::1 /lab08/index.php/Home/Index/DataShow/p/1.html
INFO: [ app_init ] --START--
INFO: Run Behavior\BuildLiteBehavior [ RunTime:0.000038s ]
INFO: [ app_init ] --END-- [ RunTime:0.000434s ]

[ 2018-05-21T10:08:52+08:00 ] ::1 /lab08/index.php/Home/Index/DataShow/p/2.html
INFO: [ app_init ] --START--
INFO: Run Behavior\BuildLiteBehavior [ RunTime:0.000029s ]
INFO: [ app_init ] --END-- [ RunTime:0.000473s ]

[ 2018-05-21T10:09:25+08:00 ] ::1 /lab08/index.php/Home/Index/DataShow/p/2.html
INFO: [ app_init ] --START--
INFO: Run Behavior\BuildLiteBehavior [ RunTime:0.000027s ]
INFO: [ app_init ] --END-- [ RunTime:0.000462s ]

[ 2018-05-21T10:09:27+08:00 ] ::1 /lab08/index.php/Home/Index/DataShow/p/2.html
INFO: [ app_init ] --START--
INFO: Run Behavior\BuildLiteBehavior [ RunTime:0.000021s ]
INFO: [ app_init ] --END-- [ RunTime:0.000389s ]

[ 2018-05-21T10:09:31+08:00 ] ::1 /lab08/index.php/Home/Index/DataShow
INFO: [ app_init ] --START--
INFO: Run Behavior\BuildLiteBehavior [ RunTime:0.000025s ]
INFO: [ app_init ] --END-- [ RunTime:0.000433s ]

[ 2018-05-21T10:09:34+08:00 ] ::1 /lab08/index.php/Home/Index/DataShow/p/2.html
INFO: [ app_init ] --START--
INFO: Run Behavior\BuildLiteBehavior [ RunTime:0.000028s ]
INFO: [ app_init ] --END-- [ RunTime:0.000491s ]

[ 2018-05-21T10:09:36+08:00 ] ::1 /lab08/index.php/Home/Index/DataShow/p/3.html
INFO: [ app_init ] --START--
INFO: Run Behavior\BuildLiteBehavior [ RunTime:0.000021s ]
INFO: [ app_init ] --END-- [ RunTime:0.000363s ]

[ 2018-05-21T10:09:38+08:00 ] ::1 /lab08/index.php/Home/Index/DataShow/p/4.html
INFO: [ app_init ] --START--
INFO: Run Behavior\BuildLiteBehavior [ RunTime:0.000022s ]
INFO: [ app_init ] --END-- [ RunTime:0.000353s ]

[ 2018-05-21T10:09:40+08:00 ] ::1 /lab08/index.php/Home/Index/DataShow/p/1.html
INFO: [ app_init ] --START--
INFO: Run Behavior\BuildLiteBehavior [ RunTime:0.000035s ]
INFO: [ app_init ] --END-- [ RunTime:0.000488s ]

[ 2018-05-21T10:09:43+08:00 ] ::1 /lab08/index.php/Home/Index/DataShow/p/2.html
INFO: [ app_init ] --START--
INFO: Run Behavior\BuildLiteBehavior [ RunTime:0.000035s ]
INFO: [ app_init ] --END-- [ RunTime:0.000516s ]

[ 2018-05-21T10:09:47+08:00 ] ::1 /lab08/index.php/Home/Index/DataShow/p/1.html
INFO: [ app_init ] --START--
INFO: Run Behavior\BuildLiteBehavior [ RunTime:0.000029s ]
INFO: [ app_init ] --END-- [ RunTime:0.000474s ]

[ 2018-05-21T10:09:51+08:00 ] ::1 /lab08/index.php/Home/Index/DataShow
INFO: [ app_init ] --START--
INFO: Run Behavior\BuildLiteBehavior [ RunTime:0.000041s ]
INFO: [ app_init ] --END-- [ RunTime:0.000420s ]

[ 2018-05-21T10:09:54+08:00 ] ::1 /lab08/index.php/Home/Index/DataShow/p/2.html
INFO: [ app_init ] --START--
INFO: Run Behavior\BuildLiteBehavior [ RunTime:0.000027s ]
INFO: [ app_init ] --END-- [ RunTime:0.000464s ]

[ 2018-05-21T10:19:42+08:00 ] ::1 /lab08/index.php/Home/Index/DataShow
INFO: [ app_init ] --START--
INFO: Run Behavior\BuildLiteBehavior [ RunTime:0.000024s ]
INFO: [ app_init ] --END-- [ RunTime:0.000435s ]

[ 2018-05-21T10:19:43+08:00 ] ::1 /lab08/index.php/Home/Index/DataShow/p/2.html
INFO: [ app_init ] --START--
INFO: Run Behavior\BuildLiteBehavior [ RunTime:0.000022s ]
INFO: [ app_init ] --END-- [ RunTime:0.000341s ]

[ 2018-05-21T10:19:47+08:00 ] ::1 /lab08/index.php/Home/Index/DataShow/p/1.html
INFO: [ app_init ] --START--
INFO: Run Behavior\BuildLiteBehavior [ RunTime:0.000021s ]
INFO: [ app_init ] --END-- [ RunTime:0.000340s ]

[ 2018-05-21T10:19:52+08:00 ] ::1 /lab08/index.php/Home/Index/DataShow/p/1.html
INFO: [ app_init ] --START--
INFO: Run Behavior\BuildLiteBehavior [ RunTime:0.000028s ]
INFO: [ app_init ] --END-- [ RunTime:0.000501s ]

[ 2018-05-21T10:19:59+08:00 ] ::1 /lab08/index.php/Home/Index/DataShow
INFO: [ app_init ] --START--
INFO: Run Behavior\BuildLiteBehavior [ RunTime:0.000021s ]
INFO: [ app_init ] --END-- [ RunTime:0.000482s ]

[ 2018-05-21T10:22:00+08:00 ] ::1 /lab08/index.php/Home/Index/DataShow/p/2.html
INFO: [ app_init ] --START--
INFO: Run Behavior\BuildLiteBehavior [ RunTime:0.000028s ]
INFO: [ app_init ] --END-- [ RunTime:0.000538s ]

[ 2018-05-21T10:22:03+08:00 ] ::1 /lab08/index.php/Home/Index/DataShow/p/1.html
INFO: [ app_init ] --START--
INFO: Run Behavior\BuildLiteBehavior [ RunTime:0.000029s ]
INFO: [ app_init ] --END-- [ RunTime:0.000486s ]

[ 2018-05-21T14:26:02+08:00 ] ::1 /lab08/index.php/Home/Index/DataShow/p/2.html
INFO: [ app_init ] --START--
INFO: Run Behavior\BuildLiteBehavior [ RunTime:0.000064s ]
INFO: [ app_init ] --END-- [ RunTime:0.000576s ]

[ 2018-05-21T14:26:04+08:00 ] ::1 /lab08/index.php/Home/Index/DataShow/p/3.html
INFO: [ app_init ] --START--
INFO: Run Behavior\BuildLiteBehavior [ RunTime:0.000031s ]
INFO: [ app_init ] --END-- [ RunTime:0.000666s ]

