[ 2018-06-24T15:17:41+08:00 ] ::1 /lab08/index.php/Home/Index/DataAdd
INFO: [ app_init ] --START--
INFO: Run Behavior\BuildLiteBehavior [ RunTime:0.000025s ]
INFO: [ app_init ] --END-- [ RunTime:0.018858s ]

[ 2018-06-24T15:17:41+08:00 ] ::1 /lab08/index.php/Home/index/verify.html
INFO: [ app_init ] --START--
INFO: Run Behavior\BuildLiteBehavior [ RunTime:0.000025s ]
INFO: [ app_init ] --END-- [ RunTime:0.000538s ]

[ 2018-06-24T15:17:43+08:00 ] ::1 /lab08/index.php/Home/Index/add
INFO: [ app_init ] --START--
INFO: Run Behavior\BuildLiteBehavior [ RunTime:0.000022s ]
INFO: [ app_init ] --END-- [ RunTime:0.000366s ]

[ 2018-06-24T15:18:01+08:00 ] ::1 /lab08/index.php/Home/Index/DataAdd
INFO: [ app_init ] --START--
INFO: Run Behavior\BuildLiteBehavior [ RunTime:0.000045s ]
INFO: [ app_init ] --END-- [ RunTime:0.000689s ]

[ 2018-06-24T15:18:01+08:00 ] ::1 /lab08/index.php/Home/index/verify.html
INFO: [ app_init ] --START--
INFO: Run Behavior\BuildLiteBehavior [ RunTime:0.000025s ]
INFO: [ app_init ] --END-- [ RunTime:0.000440s ]

[ 2018-06-24T15:18:05+08:00 ] ::1 /lab08/index.php/Home/Index/add
INFO: [ app_init ] --START--
INFO: Run Behavior\BuildLiteBehavior [ RunTime:0.000023s ]
INFO: [ app_init ] --END-- [ RunTime:0.000387s ]

[ 2018-06-24T15:18:10+08:00 ] ::1 /lab08/index.php/Home/Index/DataShow
INFO: [ app_init ] --START--
INFO: Run Behavior\BuildLiteBehavior [ RunTime:0.000022s ]
INFO: [ app_init ] --END-- [ RunTime:0.000374s ]

[ 2018-06-24T15:20:47+08:00 ] ::1 /lab08/index.php/Home/Index/DataAdd
INFO: [ app_init ] --START--
INFO: Run Behavior\BuildLiteBehavior [ RunTime:0.000033s ]
INFO: [ app_init ] --END-- [ RunTime:0.000545s ]

[ 2018-06-24T15:20:48+08:00 ] ::1 /lab08/index.php/Home/index/verify.html
INFO: [ app_init ] --START--
INFO: Run Behavior\BuildLiteBehavior [ RunTime:0.000044s ]
INFO: [ app_init ] --END-- [ RunTime:0.000807s ]

[ 2018-06-24T15:20:51+08:00 ] ::1 /lab08/index.php/Home/Index/add
INFO: [ app_init ] --START--
INFO: Run Behavior\BuildLiteBehavior [ RunTime:0.000024s ]
INFO: [ app_init ] --END-- [ RunTime:0.000381s ]

[ 2018-06-24T15:20:56+08:00 ] ::1 /lab08/index.php/Home/Index/DataShow
INFO: [ app_init ] --START--
INFO: Run Behavior\BuildLiteBehavior [ RunTime:0.000021s ]
INFO: [ app_init ] --END-- [ RunTime:0.000371s ]

[ 2018-06-24T15:20:58+08:00 ] ::1 /lab08/index.php/Home/Index/DataAdd
INFO: [ app_init ] --START--
INFO: Run Behavior\BuildLiteBehavior [ RunTime:0.000025s ]
INFO: [ app_init ] --END-- [ RunTime:0.000408s ]

[ 2018-06-24T15:20:58+08:00 ] ::1 /lab08/index.php/Home/index/verify.html
INFO: [ app_init ] --START--
INFO: Run Behavior\BuildLiteBehavior [ RunTime:0.000021s ]
INFO: [ app_init ] --END-- [ RunTime:0.000350s ]

[ 2018-06-24T15:32:08+08:00 ] ::1 /lab08/index.php/Home/Index/DataAdd
INFO: [ app_init ] --START--
INFO: Run Behavior\BuildLiteBehavior [ RunTime:0.000022s ]
INFO: [ app_init ] --END-- [ RunTime:0.000415s ]

[ 2018-06-24T15:32:08+08:00 ] ::1 /lab08/index.php/Home/index/verify.html
INFO: [ app_init ] --START--
INFO: Run Behavior\BuildLiteBehavior [ RunTime:0.000026s ]
INFO: [ app_init ] --END-- [ RunTime:0.000676s ]

[ 2018-06-24T15:32:09+08:00 ] ::1 /lab08/index.php/Home/Index/add
INFO: [ app_init ] --START--
INFO: Run Behavior\BuildLiteBehavior [ RunTime:0.000022s ]
INFO: [ app_init ] --END-- [ RunTime:0.000368s ]

[ 2018-06-24T15:32:11+08:00 ] ::1 /lab08/index.php/Home/Index/DataShow
INFO: [ app_init ] --START--
INFO: Run Behavior\BuildLiteBehavior [ RunTime:0.000022s ]
INFO: [ app_init ] --END-- [ RunTime:0.000408s ]

[ 2018-06-24T15:33:48+08:00 ] ::1 /lab08/index.php/Home/Index/DataShow
INFO: [ app_init ] --START--
INFO: Run Behavior\BuildLiteBehavior [ RunTime:0.000022s ]
INFO: [ app_init ] --END-- [ RunTime:0.000382s ]

[ 2018-06-24T15:33:50+08:00 ] ::1 /lab08/index.php/Home/Index/DataAdd
INFO: [ app_init ] --START--
INFO: Run Behavior\BuildLiteBehavior [ RunTime:0.000024s ]
INFO: [ app_init ] --END-- [ RunTime:0.000521s ]

[ 2018-06-24T15:33:50+08:00 ] ::1 /lab08/index.php/Home/index/verify.html
INFO: [ app_init ] --START--
INFO: Run Behavior\BuildLiteBehavior [ RunTime:0.000021s ]
INFO: [ app_init ] --END-- [ RunTime:0.000511s ]

[ 2018-06-24T15:33:52+08:00 ] ::1 /lab08/index.php/Home/Index/add
INFO: [ app_init ] --START--
INFO: Run Behavior\BuildLiteBehavior [ RunTime:0.000021s ]
INFO: [ app_init ] --END-- [ RunTime:0.000446s ]

[ 2018-06-24T15:33:58+08:00 ] ::1 /lab08/index.php/Home/Index/DataShow
INFO: [ app_init ] --START--
INFO: Run Behavior\BuildLiteBehavior [ RunTime:0.000023s ]
INFO: [ app_init ] --END-- [ RunTime:0.001776s ]

[ 2018-06-24T15:35:14+08:00 ] ::1 /lab08/index.php/Home/Index/DataAdd
INFO: [ app_init ] --START--
INFO: Run Behavior\BuildLiteBehavior [ RunTime:0.000035s ]
INFO: [ app_init ] --END-- [ RunTime:0.000467s ]

[ 2018-06-24T15:35:14+08:00 ] ::1 /lab08/index.php/Home/index/verify.html
INFO: [ app_init ] --START--
INFO: Run Behavior\BuildLiteBehavior [ RunTime:0.000029s ]
INFO: [ app_init ] --END-- [ RunTime:0.000645s ]

[ 2018-06-24T15:35:16+08:00 ] ::1 /lab08/index.php/Home/Index/add
INFO: [ app_init ] --START--
INFO: Run Behavior\BuildLiteBehavior [ RunTime:0.000022s ]
INFO: [ app_init ] --END-- [ RunTime:0.000366s ]

[ 2018-06-24T15:35:19+08:00 ] ::1 /lab08/index.php/Home/Index/DataShow
INFO: [ app_init ] --START--
INFO: Run Behavior\BuildLiteBehavior [ RunTime:0.000020s ]
INFO: [ app_init ] --END-- [ RunTime:0.000348s ]

[ 2018-06-24T15:35:36+08:00 ] ::1 /lab08/index.php/Home/Index/DataAdd
INFO: [ app_init ] --START--
INFO: Run Behavior\BuildLiteBehavior [ RunTime:0.000021s ]
INFO: [ app_init ] --END-- [ RunTime:0.000350s ]

[ 2018-06-24T15:35:36+08:00 ] ::1 /lab08/index.php/Home/index/verify.html
INFO: [ app_init ] --START--
INFO: Run Behavior\BuildLiteBehavior [ RunTime:0.000024s ]
INFO: [ app_init ] --END-- [ RunTime:0.001033s ]

[ 2018-06-24T15:35:38+08:00 ] ::1 /lab08/index.php/Home/Index/add
INFO: [ app_init ] --START--
INFO: Run Behavior\BuildLiteBehavior [ RunTime:0.000025s ]
INFO: [ app_init ] --END-- [ RunTime:0.000401s ]

[ 2018-06-24T15:35:40+08:00 ] ::1 /lab08/index.php/Home/Index/DataShow
INFO: [ app_init ] --START--
INFO: Run Behavior\BuildLiteBehavior [ RunTime:0.000023s ]
INFO: [ app_init ] --END-- [ RunTime:0.000395s ]

[ 2018-06-24T15:35:44+08:00 ] ::1 /lab08/index.php/Home/Index/DataShow/p/2.html
INFO: [ app_init ] --START--
INFO: Run Behavior\BuildLiteBehavior [ RunTime:0.000022s ]
INFO: [ app_init ] --END-- [ RunTime:0.000375s ]

[ 2018-06-24T15:35:45+08:00 ] ::1 /lab08/index.php/Home/Index/DataShow/p/3.html
INFO: [ app_init ] --START--
INFO: Run Behavior\BuildLiteBehavior [ RunTime:0.000020s ]
INFO: [ app_init ] --END-- [ RunTime:0.000351s ]

[ 2018-06-24T15:35:47+08:00 ] ::1 /lab08/index.php/Home/Index/DataShow/p/4.html
INFO: [ app_init ] --START--
INFO: Run Behavior\BuildLiteBehavior [ RunTime:0.000022s ]
INFO: [ app_init ] --END-- [ RunTime:0.000371s ]

[ 2018-06-24T15:35:55+08:00 ] ::1 /lab08/index.php/Home/Index/DataShow
INFO: [ app_init ] --START--
INFO: Run Behavior\BuildLiteBehavior [ RunTime:0.000022s ]
INFO: [ app_init ] --END-- [ RunTime:0.000380s ]

[ 2018-06-24T15:36:00+08:00 ] ::1 /lab08/index.php/Home/Index/DataShow
INFO: [ app_init ] --START--
INFO: Run Behavior\BuildLiteBehavior [ RunTime:0.000024s ]
INFO: [ app_init ] --END-- [ RunTime:0.000393s ]

[ 2018-06-24T15:40:20+08:00 ] ::1 /lab08/index.php/Home/Index/DataShow
INFO: [ app_init ] --START--
INFO: Run Behavior\BuildLiteBehavior [ RunTime:0.000022s ]
INFO: [ app_init ] --END-- [ RunTime:0.000495s ]

[ 2018-06-24T15:40:21+08:00 ] ::1 /lab08/index.php/Home/Index/DataAdd
INFO: [ app_init ] --START--
INFO: Run Behavior\BuildLiteBehavior [ RunTime:0.000022s ]
INFO: [ app_init ] --END-- [ RunTime:0.000434s ]

[ 2018-06-24T15:40:21+08:00 ] ::1 /lab08/index.php/Home/index/verify.html
INFO: [ app_init ] --START--
INFO: Run Behavior\BuildLiteBehavior [ RunTime:0.000079s ]
INFO: [ app_init ] --END-- [ RunTime:0.000803s ]

[ 2018-06-24T15:40:23+08:00 ] ::1 /lab08/index.php/Home/Index/add
INFO: [ app_init ] --START--
INFO: Run Behavior\BuildLiteBehavior [ RunTime:0.000023s ]
INFO: [ app_init ] --END-- [ RunTime:0.000401s ]

[ 2018-06-24T15:40:24+08:00 ] ::1 /lab08/index.php/Home/Index/DataShow
INFO: [ app_init ] --START--
INFO: Run Behavior\BuildLiteBehavior [ RunTime:0.000035s ]
INFO: [ app_init ] --END-- [ RunTime:0.000465s ]

[ 2018-06-24T15:42:18+08:00 ] ::1 /lab08/index.php/Home/Index/DataShow
INFO: [ app_init ] --START--
INFO: Run Behavior\BuildLiteBehavior [ RunTime:0.000022s ]
INFO: [ app_init ] --END-- [ RunTime:0.000831s ]

[ 2018-06-24T15:42:19+08:00 ] ::1 /lab08/index.php/Home/Index/DataAdd
INFO: [ app_init ] --START--
INFO: Run Behavior\BuildLiteBehavior [ RunTime:0.000024s ]
INFO: [ app_init ] --END-- [ RunTime:0.000416s ]

[ 2018-06-24T15:42:20+08:00 ] ::1 /lab08/index.php/Home/index/verify.html
INFO: [ app_init ] --START--
INFO: Run Behavior\BuildLiteBehavior [ RunTime:0.000027s ]
INFO: [ app_init ] --END-- [ RunTime:0.000539s ]

[ 2018-06-24T15:42:21+08:00 ] ::1 /lab08/index.php/Home/Index/add
INFO: [ app_init ] --START--
INFO: Run Behavior\BuildLiteBehavior [ RunTime:0.000020s ]
INFO: [ app_init ] --END-- [ RunTime:0.000387s ]

[ 2018-06-24T15:42:26+08:00 ] ::1 /lab08/index.php/Home/Index/DataShow
INFO: [ app_init ] --START--
INFO: Run Behavior\BuildLiteBehavior [ RunTime:0.000022s ]
INFO: [ app_init ] --END-- [ RunTime:0.000373s ]

[ 2018-06-24T15:49:31+08:00 ] ::1 /lab08/index.php/Home/Index/DataShow
INFO: [ app_init ] --START--
INFO: Run Behavior\BuildLiteBehavior [ RunTime:0.000025s ]
INFO: [ app_init ] --END-- [ RunTime:0.014811s ]

[ 2018-06-24T15:49:32+08:00 ] ::1 /lab08/index.php/Home/Index/DataAdd
INFO: [ app_init ] --START--
INFO: Run Behavior\BuildLiteBehavior [ RunTime:0.000098s ]
INFO: [ app_init ] --END-- [ RunTime:0.000560s ]

[ 2018-06-24T15:49:32+08:00 ] ::1 /lab08/index.php/Home/index/verify.html
INFO: [ app_init ] --START--
INFO: Run Behavior\BuildLiteBehavior [ RunTime:0.000027s ]
INFO: [ app_init ] --END-- [ RunTime:0.000481s ]

[ 2018-06-24T15:50:38+08:00 ] ::1 /lab08/index.php/Home/Index/DataAdd
INFO: [ app_init ] --START--
INFO: Run Behavior\BuildLiteBehavior [ RunTime:0.000021s ]
INFO: [ app_init ] --END-- [ RunTime:0.000392s ]

[ 2018-06-24T15:50:38+08:00 ] ::1 /lab08/index.php/Home/index/verify.html
INFO: [ app_init ] --START--
INFO: Run Behavior\BuildLiteBehavior [ RunTime:0.000026s ]
INFO: [ app_init ] --END-- [ RunTime:0.000588s ]

[ 2018-06-24T15:50:39+08:00 ] ::1 /lab08/index.php/Home/Index/%7B:U(%22add%22)%7D
INFO: [ app_init ] --START--
INFO: Run Behavior\BuildLiteBehavior [ RunTime:0.000023s ]
INFO: [ app_init ] --END-- [ RunTime:0.000379s ]
ERR: 非法操作:{:U("add")}

[ 2018-06-24T15:50:48+08:00 ] ::1 /lab08/index.php/Home/index/verify.html
INFO: [ app_init ] --START--
INFO: Run Behavior\BuildLiteBehavior [ RunTime:0.000030s ]
INFO: [ app_init ] --END-- [ RunTime:0.000508s ]

[ 2018-06-24T15:51:50+08:00 ] ::1 /lab08/index.php/Home/Index/%7B:U(%22add%22)%7D
INFO: [ app_init ] --START--
INFO: Run Behavior\BuildLiteBehavior [ RunTime:0.000043s ]
INFO: [ app_init ] --END-- [ RunTime:0.001059s ]
ERR: 非法操作:{:U("add")}

[ 2018-06-24T15:51:52+08:00 ] ::1 /lab08/index.php/Home/index/verify.html
INFO: [ app_init ] --START--
INFO: Run Behavior\BuildLiteBehavior [ RunTime:0.000024s ]
INFO: [ app_init ] --END-- [ RunTime:0.000427s ]

[ 2018-06-24T15:51:55+08:00 ] ::1 /lab08/index.php/Home/Index/DataAdd
INFO: [ app_init ] --START--
INFO: Run Behavior\BuildLiteBehavior [ RunTime:0.000022s ]
INFO: [ app_init ] --END-- [ RunTime:0.000392s ]

[ 2018-06-24T15:51:55+08:00 ] ::1 /lab08/index.php/Home/index/verify.html
INFO: [ app_init ] --START--
INFO: Run Behavior\BuildLiteBehavior [ RunTime:0.000028s ]
INFO: [ app_init ] --END-- [ RunTime:0.000479s ]

[ 2018-06-24T15:51:56+08:00 ] ::1 /lab08/index.php/Home/Index/DataAdd
INFO: [ app_init ] --START--
INFO: Run Behavior\BuildLiteBehavior [ RunTime:0.000022s ]
INFO: [ app_init ] --END-- [ RunTime:0.000378s ]

[ 2018-06-24T15:51:56+08:00 ] ::1 /lab08/index.php/Home/index/verify.html
INFO: [ app_init ] --START--
INFO: Run Behavior\BuildLiteBehavior [ RunTime:0.000027s ]
INFO: [ app_init ] --END-- [ RunTime:0.000510s ]

[ 2018-06-24T15:51:57+08:00 ] ::1 /lab08/index.php/Home/Index/add.html
INFO: [ app_init ] --START--
INFO: Run Behavior\BuildLiteBehavior [ RunTime:0.000021s ]
INFO: [ app_init ] --END-- [ RunTime:0.000381s ]

[ 2018-06-24T15:51:59+08:00 ] ::1 /lab08/index.php/Home/Index/DataShow
INFO: [ app_init ] --START--
INFO: Run Behavior\BuildLiteBehavior [ RunTime:0.000021s ]
INFO: [ app_init ] --END-- [ RunTime:0.000388s ]

[ 2018-06-24T15:55:10+08:00 ] ::1 /lab08/index.php/Home/Index/DataShow
INFO: [ app_init ] --START--
INFO: Run Behavior\BuildLiteBehavior [ RunTime:0.000023s ]
INFO: [ app_init ] --END-- [ RunTime:0.000526s ]

[ 2018-06-24T15:55:11+08:00 ] ::1 /lab08/index.php/Home/Index/DataShow
INFO: [ app_init ] --START--
INFO: Run Behavior\BuildLiteBehavior [ RunTime:0.000028s ]
INFO: [ app_init ] --END-- [ RunTime:0.000669s ]

[ 2018-06-24T15:55:12+08:00 ] ::1 /lab08/index.php/Home/Index/DataShow
INFO: [ app_init ] --START--
INFO: Run Behavior\BuildLiteBehavior [ RunTime:0.000024s ]
INFO: [ app_init ] --END-- [ RunTime:0.003507s ]

[ 2018-06-24T15:55:12+08:00 ] ::1 /lab08/index.php/Home/Index/DataShow
INFO: [ app_init ] --START--
INFO: Run Behavior\BuildLiteBehavior [ RunTime:0.000023s ]
INFO: [ app_init ] --END-- [ RunTime:0.000509s ]

[ 2018-06-24T15:55:12+08:00 ] ::1 /lab08/index.php/Home/Index/DataShow
INFO: [ app_init ] --START--
INFO: Run Behavior\BuildLiteBehavior [ RunTime:0.000023s ]
INFO: [ app_init ] --END-- [ RunTime:0.000451s ]

[ 2018-06-24T15:55:13+08:00 ] ::1 /lab08/index.php/Home/Index/DataAdd
INFO: [ app_init ] --START--
INFO: Run Behavior\BuildLiteBehavior [ RunTime:0.000021s ]
INFO: [ app_init ] --END-- [ RunTime:0.000610s ]

[ 2018-06-24T15:55:13+08:00 ] ::1 /lab08/index.php/Home/index/verify.html
INFO: [ app_init ] --START--
INFO: Run Behavior\BuildLiteBehavior [ RunTime:0.000039s ]
INFO: [ app_init ] --END-- [ RunTime:0.000955s ]

[ 2018-06-24T15:55:23+08:00 ] ::1 /lab08/index.php/Home/Index/add.html
INFO: [ app_init ] --START--
INFO: Run Behavior\BuildLiteBehavior [ RunTime:0.000022s ]
INFO: [ app_init ] --END-- [ RunTime:0.000364s ]

[ 2018-06-24T15:55:29+08:00 ] ::1 /lab08/index.php/Home/Index/DataShow
INFO: [ app_init ] --START--
INFO: Run Behavior\BuildLiteBehavior [ RunTime:0.000030s ]
INFO: [ app_init ] --END-- [ RunTime:0.000523s ]

[ 2018-06-24T16:02:13+08:00 ] ::1 /lab08/index.php/Home/Index/DataShow
INFO: [ app_init ] --START--
INFO: Run Behavior\BuildLiteBehavior [ RunTime:0.000021s ]
INFO: [ app_init ] --END-- [ RunTime:0.000403s ]

[ 2018-06-24T16:02:13+08:00 ] ::1 /lab08/index.php/Home/Index/DataShow
INFO: [ app_init ] --START--
INFO: Run Behavior\BuildLiteBehavior [ RunTime:0.000024s ]
INFO: [ app_init ] --END-- [ RunTime:0.000404s ]

[ 2018-06-24T16:02:14+08:00 ] ::1 /lab08/index.php/Home/Index/DataShow
INFO: [ app_init ] --START--
INFO: Run Behavior\BuildLiteBehavior [ RunTime:0.000023s ]
INFO: [ app_init ] --END-- [ RunTime:0.000506s ]

[ 2018-06-24T16:02:14+08:00 ] ::1 /lab08/index.php/Home/Index/DataAdd
INFO: [ app_init ] --START--
INFO: Run Behavior\BuildLiteBehavior [ RunTime:0.000055s ]
INFO: [ app_init ] --END-- [ RunTime:0.000436s ]

[ 2018-06-24T16:02:15+08:00 ] ::1 /lab08/index.php/Home/index/verify.html
INFO: [ app_init ] --START--
INFO: Run Behavior\BuildLiteBehavior [ RunTime:0.000021s ]
INFO: [ app_init ] --END-- [ RunTime:0.000415s ]

[ 2018-06-24T16:02:16+08:00 ] ::1 /lab08/index.php/Home/Index/add.html
INFO: [ app_init ] --START--
INFO: Run Behavior\BuildLiteBehavior [ RunTime:0.000020s ]
INFO: [ app_init ] --END-- [ RunTime:0.000416s ]

[ 2018-06-24T16:02:22+08:00 ] ::1 /lab08/index.php/Home/Index/DataShow
INFO: [ app_init ] --START--
INFO: Run Behavior\BuildLiteBehavior [ RunTime:0.000021s ]
INFO: [ app_init ] --END-- [ RunTime:0.000391s ]

[ 2018-06-24T16:03:05+08:00 ] ::1 /lab08/index.php/Home/Index/DataShow
INFO: [ app_init ] --START--
INFO: Run Behavior\BuildLiteBehavior [ RunTime:0.000038s ]
INFO: [ app_init ] --END-- [ RunTime:0.000468s ]

[ 2018-06-24T16:03:06+08:00 ] ::1 /lab08/index.php/Home/Index/DataShow
INFO: [ app_init ] --START--
INFO: Run Behavior\BuildLiteBehavior [ RunTime:0.000071s ]
INFO: [ app_init ] --END-- [ RunTime:0.000612s ]

[ 2018-06-24T16:03:06+08:00 ] ::1 /lab08/index.php/Home/Index/DataAdd
INFO: [ app_init ] --START--
INFO: Run Behavior\BuildLiteBehavior [ RunTime:0.000025s ]
INFO: [ app_init ] --END-- [ RunTime:0.000472s ]

[ 2018-06-24T16:03:07+08:00 ] ::1 /lab08/index.php/Home/index/verify.html
INFO: [ app_init ] --START--
INFO: Run Behavior\BuildLiteBehavior [ RunTime:0.000026s ]
INFO: [ app_init ] --END-- [ RunTime:0.000782s ]

[ 2018-06-24T16:03:07+08:00 ] ::1 /lab08/index.php/Home/Index/add.html
INFO: [ app_init ] --START--
INFO: Run Behavior\BuildLiteBehavior [ RunTime:0.000024s ]
INFO: [ app_init ] --END-- [ RunTime:0.000409s ]

[ 2018-06-24T16:06:35+08:00 ] ::1 /lab08/index.php/Home/index/verify.html
INFO: [ app_init ] --START--
INFO: Run Behavior\BuildLiteBehavior [ RunTime:0.000023s ]
INFO: [ app_init ] --END-- [ RunTime:0.000494s ]

[ 2018-06-24T16:06:37+08:00 ] ::1 /lab08/index.php/Home/Index/add.html
INFO: [ app_init ] --START--
INFO: Run Behavior\BuildLiteBehavior [ RunTime:0.000023s ]
INFO: [ app_init ] --END-- [ RunTime:0.000376s ]

[ 2018-06-24T16:06:42+08:00 ] ::1 /lab08/index.php/Home/Index/DataShow
INFO: [ app_init ] --START--
INFO: Run Behavior\BuildLiteBehavior [ RunTime:0.000022s ]
INFO: [ app_init ] --END-- [ RunTime:0.000407s ]

[ 2018-06-24T16:10:02+08:00 ] ::1 /lab08/index.php/Home/Index/DataAdd
INFO: [ app_init ] --START--
INFO: Run Behavior\BuildLiteBehavior [ RunTime:0.000022s ]
INFO: [ app_init ] --END-- [ RunTime:0.000401s ]

[ 2018-06-24T16:10:02+08:00 ] ::1 /lab08/index.php/Home/index/verify.html
INFO: [ app_init ] --START--
INFO: Run Behavior\BuildLiteBehavior [ RunTime:0.000030s ]
INFO: [ app_init ] --END-- [ RunTime:0.000661s ]

[ 2018-06-24T16:10:06+08:00 ] ::1 /lab08/index.php/Home/Index/add.html
INFO: [ app_init ] --START--
INFO: Run Behavior\BuildLiteBehavior [ RunTime:0.000021s ]
INFO: [ app_init ] --END-- [ RunTime:0.000507s ]

[ 2018-06-24T16:10:09+08:00 ] ::1 /lab08/index.php/Home/Index/DataAdd
INFO: [ app_init ] --START--
INFO: Run Behavior\BuildLiteBehavior [ RunTime:0.000027s ]
INFO: [ app_init ] --END-- [ RunTime:0.000585s ]

[ 2018-06-24T16:10:09+08:00 ] ::1 /lab08/index.php/Home/index/verify.html
INFO: [ app_init ] --START--
INFO: Run Behavior\BuildLiteBehavior [ RunTime:0.000061s ]
INFO: [ app_init ] --END-- [ RunTime:0.004132s ]

[ 2018-06-24T16:10:09+08:00 ] ::1 /lab08/index.php/Home/Index/DataAdd
INFO: [ app_init ] --START--
INFO: Run Behavior\BuildLiteBehavior [ RunTime:0.000024s ]
INFO: [ app_init ] --END-- [ RunTime:0.000493s ]

[ 2018-06-24T16:10:09+08:00 ] ::1 /lab08/index.php/Home/index/verify.html
INFO: [ app_init ] --START--
INFO: Run Behavior\BuildLiteBehavior [ RunTime:0.000027s ]
INFO: [ app_init ] --END-- [ RunTime:0.000532s ]

[ 2018-06-24T16:10:09+08:00 ] ::1 /lab08/index.php/Home/Index/DataAdd
INFO: [ app_init ] --START--
INFO: Run Behavior\BuildLiteBehavior [ RunTime:0.000029s ]
INFO: [ app_init ] --END-- [ RunTime:0.000545s ]

[ 2018-06-24T16:10:10+08:00 ] ::1 /lab08/index.php/Home/index/verify.html
INFO: [ app_init ] --START--
INFO: Run Behavior\BuildLiteBehavior [ RunTime:0.000025s ]
INFO: [ app_init ] --END-- [ RunTime:0.000445s ]

[ 2018-06-24T16:10:10+08:00 ] ::1 /lab08/index.php/Home/Index/DataAdd
INFO: [ app_init ] --START--
INFO: Run Behavior\BuildLiteBehavior [ RunTime:0.000023s ]
INFO: [ app_init ] --END-- [ RunTime:0.000427s ]

[ 2018-06-24T16:10:10+08:00 ] ::1 /lab08/index.php/Home/index/verify.html
INFO: [ app_init ] --START--
INFO: Run Behavior\BuildLiteBehavior [ RunTime:0.000026s ]
INFO: [ app_init ] --END-- [ RunTime:0.000525s ]

[ 2018-06-24T16:10:10+08:00 ] ::1 /lab08/index.php/Home/Index/DataAdd
INFO: [ app_init ] --START--
INFO: Run Behavior\BuildLiteBehavior [ RunTime:0.000028s ]
INFO: [ app_init ] --END-- [ RunTime:0.000452s ]

[ 2018-06-24T16:10:10+08:00 ] ::1 /lab08/index.php/Home/index/verify.html
INFO: [ app_init ] --START--
INFO: Run Behavior\BuildLiteBehavior [ RunTime:0.000058s ]
INFO: [ app_init ] --END-- [ RunTime:0.000488s ]

[ 2018-06-24T16:10:10+08:00 ] ::1 /lab08/index.php/Home/Index/add.html
INFO: [ app_init ] --START--
INFO: Run Behavior\BuildLiteBehavior [ RunTime:0.000030s ]
INFO: [ app_init ] --END-- [ RunTime:0.000479s ]

[ 2018-06-24T16:10:16+08:00 ] ::1 /lab08/index.php/Home/Index/DataShow
INFO: [ app_init ] --START--
INFO: Run Behavior\BuildLiteBehavior [ RunTime:0.000029s ]
INFO: [ app_init ] --END-- [ RunTime:0.000500s ]

[ 2018-06-24T16:10:25+08:00 ] ::1 /lab08/index.php/Home/Index/DataShow
INFO: [ app_init ] --START--
INFO: Run Behavior\BuildLiteBehavior [ RunTime:0.000058s ]
INFO: [ app_init ] --END-- [ RunTime:0.000523s ]

[ 2018-06-24T16:10:25+08:00 ] ::1 /lab08/index.php/Home/Index/DataShow
INFO: [ app_init ] --START--
INFO: Run Behavior\BuildLiteBehavior [ RunTime:0.000022s ]
INFO: [ app_init ] --END-- [ RunTime:0.000459s ]

[ 2018-06-24T16:10:26+08:00 ] ::1 /lab08/index.php/Home/Index/DataShow
INFO: [ app_init ] --START--
INFO: Run Behavior\BuildLiteBehavior [ RunTime:0.000022s ]
INFO: [ app_init ] --END-- [ RunTime:0.000387s ]

[ 2018-06-24T16:10:26+08:00 ] ::1 /lab08/index.php/Home/Index/DataShow
INFO: [ app_init ] --START--
INFO: Run Behavior\BuildLiteBehavior [ RunTime:0.000023s ]
INFO: [ app_init ] --END-- [ RunTime:0.000414s ]

[ 2018-06-24T16:10:26+08:00 ] ::1 /lab08/index.php/Home/Index/DataShow
INFO: [ app_init ] --START--
INFO: Run Behavior\BuildLiteBehavior [ RunTime:0.000024s ]
INFO: [ app_init ] --END-- [ RunTime:0.000598s ]

[ 2018-06-24T16:10:27+08:00 ] ::1 /lab08/index.php/Home/Index/DataAdd
INFO: [ app_init ] --START--
INFO: Run Behavior\BuildLiteBehavior [ RunTime:0.000040s ]
INFO: [ app_init ] --END-- [ RunTime:0.000663s ]

[ 2018-06-24T16:10:27+08:00 ] ::1 /lab08/index.php/Home/index/verify.html
INFO: [ app_init ] --START--
INFO: Run Behavior\BuildLiteBehavior [ RunTime:0.000024s ]
INFO: [ app_init ] --END-- [ RunTime:0.000435s ]

[ 2018-06-24T16:10:28+08:00 ] ::1 /lab08/index.php/Home/Index/add.html
INFO: [ app_init ] --START--
INFO: Run Behavior\BuildLiteBehavior [ RunTime:0.000033s ]
INFO: [ app_init ] --END-- [ RunTime:0.000477s ]

[ 2018-06-24T16:10:29+08:00 ] ::1 /lab08/index.php/Home/Index/DataShow
INFO: [ app_init ] --START--
INFO: Run Behavior\BuildLiteBehavior [ RunTime:0.000022s ]
INFO: [ app_init ] --END-- [ RunTime:0.000364s ]

[ 2018-06-24T16:10:31+08:00 ] ::1 /lab08/index.php/Home/Index/DataAdd
INFO: [ app_init ] --START--
INFO: Run Behavior\BuildLiteBehavior [ RunTime:0.000024s ]
INFO: [ app_init ] --END-- [ RunTime:0.000406s ]

[ 2018-06-24T16:10:31+08:00 ] ::1 /lab08/index.php/Home/index/verify.html
INFO: [ app_init ] --START--
INFO: Run Behavior\BuildLiteBehavior [ RunTime:0.000027s ]
INFO: [ app_init ] --END-- [ RunTime:0.000520s ]

[ 2018-06-24T16:10:33+08:00 ] ::1 /lab08/index.php/Home/Index/add.html
INFO: [ app_init ] --START--
INFO: Run Behavior\BuildLiteBehavior [ RunTime:0.000025s ]
INFO: [ app_init ] --END-- [ RunTime:0.000517s ]

[ 2018-06-24T16:10:38+08:00 ] ::1 /lab08/index.php/Home/Index/DataShow
INFO: [ app_init ] --START--
INFO: Run Behavior\BuildLiteBehavior [ RunTime:0.000037s ]
INFO: [ app_init ] --END-- [ RunTime:0.000452s ]

[ 2018-06-24T16:10:52+08:00 ] ::1 /lab08/index.php/Home/Index/DataAdd
INFO: [ app_init ] --START--
INFO: Run Behavior\BuildLiteBehavior [ RunTime:0.000021s ]
INFO: [ app_init ] --END-- [ RunTime:0.000404s ]

[ 2018-06-24T16:10:52+08:00 ] ::1 /lab08/index.php/Home/index/verify.html
INFO: [ app_init ] --START--
INFO: Run Behavior\BuildLiteBehavior [ RunTime:0.000943s ]
INFO: [ app_init ] --END-- [ RunTime:0.002006s ]

[ 2018-06-24T16:10:53+08:00 ] ::1 /lab08/index.php/Home/Index/add.html
INFO: [ app_init ] --START--
INFO: Run Behavior\BuildLiteBehavior [ RunTime:0.000022s ]
INFO: [ app_init ] --END-- [ RunTime:0.000364s ]

[ 2018-06-24T16:10:55+08:00 ] ::1 /lab08/index.php/Home/index/verify.html
INFO: [ app_init ] --START--
INFO: Run Behavior\BuildLiteBehavior [ RunTime:0.000023s ]
INFO: [ app_init ] --END-- [ RunTime:0.000401s ]

[ 2018-06-24T16:11:45+08:00 ] ::1 /lab08/index.php/Home/Index/DataAdd
INFO: [ app_init ] --START--
INFO: Run Behavior\BuildLiteBehavior [ RunTime:0.000027s ]
INFO: [ app_init ] --END-- [ RunTime:0.000469s ]

[ 2018-06-24T16:11:46+08:00 ] ::1 /lab08/index.php/Home/index/verify.html
INFO: [ app_init ] --START--
INFO: Run Behavior\BuildLiteBehavior [ RunTime:0.000023s ]
INFO: [ app_init ] --END-- [ RunTime:0.000671s ]

[ 2018-06-24T16:11:46+08:00 ] ::1 /lab08/index.php/Home/Index/add.html
INFO: [ app_init ] --START--
INFO: Run Behavior\BuildLiteBehavior [ RunTime:0.000024s ]
INFO: [ app_init ] --END-- [ RunTime:0.000456s ]

[ 2018-06-24T16:11:50+08:00 ] ::1 /lab08/index.php/Home/Index/data
INFO: [ app_init ] --START--
INFO: Run Behavior\BuildLiteBehavior [ RunTime:0.000040s ]
INFO: [ app_init ] --END-- [ RunTime:0.000699s ]
ERR: 非法操作:data

[ 2018-06-24T16:12:34+08:00 ] ::1 /lab08/index.php/Home/index/verify.html
INFO: [ app_init ] --START--
INFO: Run Behavior\BuildLiteBehavior [ RunTime:0.000021s ]
INFO: [ app_init ] --END-- [ RunTime:0.000486s ]

[ 2018-06-24T16:12:36+08:00 ] ::1 /lab08/index.php/Home/Index/add.html
INFO: [ app_init ] --START--
INFO: Run Behavior\BuildLiteBehavior [ RunTime:0.000022s ]
INFO: [ app_init ] --END-- [ RunTime:0.000514s ]

[ 2018-06-24T16:12:39+08:00 ] ::1 /lab08/index.php/Home/Index/DataAdd
INFO: [ app_init ] --START--
INFO: Run Behavior\BuildLiteBehavior [ RunTime:0.000023s ]
INFO: [ app_init ] --END-- [ RunTime:0.000432s ]

[ 2018-06-24T16:12:39+08:00 ] ::1 /lab08/index.php/Home/index/verify.html
INFO: [ app_init ] --START--
INFO: Run Behavior\BuildLiteBehavior [ RunTime:0.000021s ]
INFO: [ app_init ] --END-- [ RunTime:0.000422s ]

[ 2018-06-24T16:12:40+08:00 ] ::1 /lab08/index.php/Home/Index/add.html
INFO: [ app_init ] --START--
INFO: Run Behavior\BuildLiteBehavior [ RunTime:0.000024s ]
INFO: [ app_init ] --END-- [ RunTime:0.000414s ]

[ 2018-06-24T16:12:43+08:00 ] ::1 /lab08/index.php/Home/Index/DataAdd
INFO: [ app_init ] --START--
INFO: Run Behavior\BuildLiteBehavior [ RunTime:0.000022s ]
INFO: [ app_init ] --END-- [ RunTime:0.000355s ]

[ 2018-06-24T16:12:43+08:00 ] ::1 /lab08/index.php/Home/index/verify.html
INFO: [ app_init ] --START--
INFO: Run Behavior\BuildLiteBehavior [ RunTime:0.000042s ]
INFO: [ app_init ] --END-- [ RunTime:0.000503s ]

[ 2018-06-24T16:17:00+08:00 ] ::1 /lab08/index.php/Home/Index/add.html
INFO: [ app_init ] --START--
INFO: Run Behavior\BuildLiteBehavior [ RunTime:0.000026s ]
INFO: [ app_init ] --END-- [ RunTime:0.000455s ]

[ 2018-06-24T16:17:03+08:00 ] ::1 /lab08/index.php/Home/Index/DataAdd
INFO: [ app_init ] --START--
INFO: Run Behavior\BuildLiteBehavior [ RunTime:0.000045s ]
INFO: [ app_init ] --END-- [ RunTime:0.000738s ]

[ 2018-06-24T16:17:03+08:00 ] ::1 /lab08/index.php/Home/index/verify.html
INFO: [ app_init ] --START--
INFO: Run Behavior\BuildLiteBehavior [ RunTime:0.000026s ]
INFO: [ app_init ] --END-- [ RunTime:0.000728s ]

[ 2018-06-24T16:17:10+08:00 ] ::1 /lab08/index.php/Home/Index/add.html
INFO: [ app_init ] --START--
INFO: Run Behavior\BuildLiteBehavior [ RunTime:0.000027s ]
INFO: [ app_init ] --END-- [ RunTime:0.000478s ]

[ 2018-06-24T17:01:15+08:00 ] ::1 /lab08/index.php/Home/index/verify.html
INFO: [ app_init ] --START--
INFO: Run Behavior\BuildLiteBehavior [ RunTime:0.000026s ]
INFO: [ app_init ] --END-- [ RunTime:0.002488s ]

[ 2018-06-24T17:01:16+08:00 ] ::1 /lab08/index.php/Home/index/verify.html
INFO: [ app_init ] --START--
INFO: Run Behavior\BuildLiteBehavior [ RunTime:0.000026s ]
INFO: [ app_init ] --END-- [ RunTime:0.000542s ]

[ 2018-06-24T17:01:20+08:00 ] ::1 /lab08/index.php/Home/Index/DataAdd
INFO: [ app_init ] --START--
INFO: Run Behavior\BuildLiteBehavior [ RunTime:0.000025s ]
INFO: [ app_init ] --END-- [ RunTime:0.000561s ]

[ 2018-06-24T17:01:20+08:00 ] ::1 /lab08/index.php/Home/index/verify.html
INFO: [ app_init ] --START--
INFO: Run Behavior\BuildLiteBehavior [ RunTime:0.000045s ]
INFO: [ app_init ] --END-- [ RunTime:0.002143s ]

[ 2018-06-24T17:01:21+08:00 ] ::1 /lab08/index.php/Home/Index/DataShow
INFO: [ app_init ] --START--
INFO: Run Behavior\BuildLiteBehavior [ RunTime:0.000071s ]
INFO: [ app_init ] --END-- [ RunTime:0.000553s ]

[ 2018-06-24T17:05:37+08:00 ] ::1 /lab08/index.php/Home/Index/Login
INFO: [ app_init ] --START--
INFO: Run Behavior\BuildLiteBehavior [ RunTime:0.000022s ]
INFO: [ app_init ] --END-- [ RunTime:0.000431s ]

[ 2018-06-24T18:18:11+08:00 ] ::1 /lab08/index.php/Home/Index/Login
INFO: [ app_init ] --START--
INFO: Run Behavior\BuildLiteBehavior [ RunTime:0.000028s ]
INFO: [ app_init ] --END-- [ RunTime:0.013260s ]

[ 2018-06-24T18:18:11+08:00 ] ::1 /lab08/index.php/Home/Index/__Public__/Css/Login.css
INFO: [ app_init ] --START--
INFO: Run Behavior\BuildLiteBehavior [ RunTime:0.000047s ]
INFO: [ app_init ] --END-- [ RunTime:0.000522s ]
ERR: 非法操作:__Public__

[ 2018-06-24T18:18:11+08:00 ] ::1 /lab08/index.php/Home/Index/scripts/Login.js
INFO: [ app_init ] --START--
INFO: Run Behavior\BuildLiteBehavior [ RunTime:0.000024s ]
INFO: [ app_init ] --END-- [ RunTime:0.000434s ]
ERR: 非法操作:scripts

[ 2018-06-24T18:18:11+08:00 ] ::1 /lab08/index.php/Home/Index/homework2_1.php
INFO: [ app_init ] --START--
INFO: Run Behavior\BuildLiteBehavior [ RunTime:0.000025s ]
INFO: [ app_init ] --END-- [ RunTime:0.000449s ]
ERR: 非法操作:homework2_1.php

[ 2018-06-24T18:19:01+08:00 ] ::1 /lab08/index.php/Home/Index/Login
INFO: [ app_init ] --START--
INFO: Run Behavior\BuildLiteBehavior [ RunTime:0.000025s ]
INFO: [ app_init ] --END-- [ RunTime:0.000470s ]

[ 2018-06-24T18:19:01+08:00 ] ::1 /lab08/index.php/Home/Index/homework2_1.php
INFO: [ app_init ] --START--
INFO: Run Behavior\BuildLiteBehavior [ RunTime:0.000026s ]
INFO: [ app_init ] --END-- [ RunTime:0.000488s ]
ERR: 非法操作:homework2_1.php

[ 2018-06-24T18:19:01+08:00 ] ::1 /lab08/index.php/Home/Index/scripts/Login.js
INFO: [ app_init ] --START--
INFO: Run Behavior\BuildLiteBehavior [ RunTime:0.000025s ]
INFO: [ app_init ] --END-- [ RunTime:0.000504s ]
ERR: 非法操作:scripts

[ 2018-06-24T18:19:02+08:00 ] ::1 /lab08/index.php/Home/Index/Login
INFO: [ app_init ] --START--
INFO: Run Behavior\BuildLiteBehavior [ RunTime:0.000023s ]
INFO: [ app_init ] --END-- [ RunTime:0.000485s ]

[ 2018-06-24T18:19:02+08:00 ] ::1 /lab08/index.php/Home/Index/homework2_1.php
INFO: [ app_init ] --START--
INFO: Run Behavior\BuildLiteBehavior [ RunTime:0.000026s ]
INFO: [ app_init ] --END-- [ RunTime:0.000460s ]
ERR: 非法操作:homework2_1.php

[ 2018-06-24T18:19:02+08:00 ] ::1 /lab08/index.php/Home/Index/scripts/Login.js
INFO: [ app_init ] --START--
INFO: Run Behavior\BuildLiteBehavior [ RunTime:0.000025s ]
INFO: [ app_init ] --END-- [ RunTime:0.000461s ]
ERR: 非法操作:scripts

[ 2018-06-24T18:19:18+08:00 ] ::1 /lab08/index.php/Home/Index/Login
INFO: [ app_init ] --START--
INFO: Run Behavior\BuildLiteBehavior [ RunTime:0.000025s ]
INFO: [ app_init ] --END-- [ RunTime:0.000504s ]

[ 2018-06-24T18:19:18+08:00 ] ::1 /lab08/index.php/Home/Index/homework2_1.php
INFO: [ app_init ] --START--
INFO: Run Behavior\BuildLiteBehavior [ RunTime:0.000026s ]
INFO: [ app_init ] --END-- [ RunTime:0.000463s ]
ERR: 非法操作:homework2_1.php

[ 2018-06-24T18:19:18+08:00 ] ::1 /lab08/index.php/Home/Index/scripts/Login.js
INFO: [ app_init ] --START--
INFO: Run Behavior\BuildLiteBehavior [ RunTime:0.000025s ]
INFO: [ app_init ] --END-- [ RunTime:0.000398s ]
ERR: 非法操作:scripts

[ 2018-06-24T18:19:21+08:00 ] ::1 /lab08/index.php/Home/Index/Login
INFO: [ app_init ] --START--
INFO: Run Behavior\BuildLiteBehavior [ RunTime:0.000021s ]
INFO: [ app_init ] --END-- [ RunTime:0.000365s ]

[ 2018-06-24T18:19:21+08:00 ] ::1 /lab08/index.php/Home/Index/scripts/Login.js
INFO: [ app_init ] --START--
INFO: Run Behavior\BuildLiteBehavior [ RunTime:0.000026s ]
INFO: [ app_init ] --END-- [ RunTime:0.000409s ]
ERR: 非法操作:scripts

[ 2018-06-24T18:19:21+08:00 ] ::1 /lab08/index.php/Home/Index/homework2_1.php
INFO: [ app_init ] --START--
INFO: Run Behavior\BuildLiteBehavior [ RunTime:0.000026s ]
INFO: [ app_init ] --END-- [ RunTime:0.000447s ]
ERR: 非法操作:homework2_1.php

[ 2018-06-24T18:20:59+08:00 ] ::1 /lab08/index.php/Home/Index/Login
INFO: [ app_init ] --START--
INFO: Run Behavior\BuildLiteBehavior [ RunTime:0.000021s ]
INFO: [ app_init ] --END-- [ RunTime:0.000397s ]

[ 2018-06-24T18:20:59+08:00 ] ::1 /lab08/index.php/Home/Index/homework2_1.php
INFO: [ app_init ] --START--
INFO: Run Behavior\BuildLiteBehavior [ RunTime:0.000029s ]
INFO: [ app_init ] --END-- [ RunTime:0.000546s ]
ERR: 非法操作:homework2_1.php

[ 2018-06-24T18:20:59+08:00 ] ::1 /lab08/index.php/Home/Index/scripts/Login.js
INFO: [ app_init ] --START--
INFO: Run Behavior\BuildLiteBehavior [ RunTime:0.000022s ]
INFO: [ app_init ] --END-- [ RunTime:0.000427s ]
ERR: 非法操作:scripts

[ 2018-06-24T18:22:43+08:00 ] ::1 /lab08/index.php/Home/Index/Login
INFO: [ app_init ] --START--
INFO: Run Behavior\BuildLiteBehavior [ RunTime:0.000039s ]
INFO: [ app_init ] --END-- [ RunTime:0.000864s ]

[ 2018-06-24T18:22:43+08:00 ] ::1 /lab08/index.php/Home/Index/homework2_1.php
INFO: [ app_init ] --START--
INFO: Run Behavior\BuildLiteBehavior [ RunTime:0.000029s ]
INFO: [ app_init ] --END-- [ RunTime:0.000516s ]
ERR: 非法操作:homework2_1.php

[ 2018-06-24T18:23:00+08:00 ] ::1 /lab08/index.php/Home/Index/Login
INFO: [ app_init ] --START--
INFO: Run Behavior\BuildLiteBehavior [ RunTime:0.000027s ]
INFO: [ app_init ] --END-- [ RunTime:0.002812s ]

[ 2018-06-24T18:23:00+08:00 ] ::1 /lab08/index.php/Home/Index/homework2_1.php
INFO: [ app_init ] --START--
INFO: Run Behavior\BuildLiteBehavior [ RunTime:0.000027s ]
INFO: [ app_init ] --END-- [ RunTime:0.000563s ]
ERR: 非法操作:homework2_1.php

[ 2018-06-24T18:23:12+08:00 ] ::1 /lab08/index.php/Home/Index/Login
INFO: [ app_init ] --START--
INFO: Run Behavior\BuildLiteBehavior [ RunTime:0.000021s ]
INFO: [ app_init ] --END-- [ RunTime:0.000439s ]

[ 2018-06-24T18:23:12+08:00 ] ::1 /lab08/index.php/Home/Index/homework2_1.php
INFO: [ app_init ] --START--
INFO: Run Behavior\BuildLiteBehavior [ RunTime:0.000024s ]
INFO: [ app_init ] --END-- [ RunTime:0.000448s ]
ERR: 非法操作:homework2_1.php

[ 2018-06-24T18:28:32+08:00 ] ::1 /lab08/index.php/Home/Index/Login
INFO: [ app_init ] --START--
INFO: Run Behavior\BuildLiteBehavior [ RunTime:0.000026s ]
INFO: [ app_init ] --END-- [ RunTime:0.000470s ]

[ 2018-06-24T18:28:33+08:00 ] ::1 /lab08/index.php/Home/index/verify.html
INFO: [ app_init ] --START--
INFO: Run Behavior\BuildLiteBehavior [ RunTime:0.000027s ]
INFO: [ app_init ] --END-- [ RunTime:0.001122s ]

[ 2018-06-24T18:28:33+08:00 ] ::1 /lab08/index.php/Home/Index/homework2_1.php
INFO: [ app_init ] --START--
INFO: Run Behavior\BuildLiteBehavior [ RunTime:0.000032s ]
INFO: [ app_init ] --END-- [ RunTime:0.000947s ]
ERR: 非法操作:homework2_1.php

[ 2018-06-24T18:28:51+08:00 ] ::1 /lab08/index.php/Home/Index/Login
INFO: [ app_init ] --START--
INFO: Run Behavior\BuildLiteBehavior [ RunTime:0.000021s ]
INFO: [ app_init ] --END-- [ RunTime:0.000393s ]

[ 2018-06-24T18:28:52+08:00 ] ::1 /lab08/index.php/Home/index/verify.html
INFO: [ app_init ] --START--
INFO: Run Behavior\BuildLiteBehavior [ RunTime:0.000030s ]
INFO: [ app_init ] --END-- [ RunTime:0.000505s ]

[ 2018-06-24T18:28:52+08:00 ] ::1 /lab08/index.php/Home/Index/homework2_1.php
INFO: [ app_init ] --START--
INFO: Run Behavior\BuildLiteBehavior [ RunTime:0.000036s ]
INFO: [ app_init ] --END-- [ RunTime:0.000459s ]
ERR: 非法操作:homework2_1.php

[ 2018-06-24T18:28:54+08:00 ] ::1 /lab08/index.php/Home/Index/Login
INFO: [ app_init ] --START--
INFO: Run Behavior\BuildLiteBehavior [ RunTime:0.000030s ]
INFO: [ app_init ] --END-- [ RunTime:0.000484s ]

[ 2018-06-24T18:28:54+08:00 ] ::1 /lab08/index.php/Home/Index/homework2_1.php
INFO: [ app_init ] --START--
INFO: Run Behavior\BuildLiteBehavior [ RunTime:0.000026s ]
INFO: [ app_init ] --END-- [ RunTime:0.000435s ]
ERR: 非法操作:homework2_1.php

[ 2018-06-24T18:28:54+08:00 ] ::1 /lab08/index.php/Home/index/verify.html
INFO: [ app_init ] --START--
INFO: Run Behavior\BuildLiteBehavior [ RunTime:0.000024s ]
INFO: [ app_init ] --END-- [ RunTime:0.000394s ]

[ 2018-06-24T18:29:11+08:00 ] ::1 /lab08/index.php/Home/Index/Login
INFO: [ app_init ] --START--
INFO: Run Behavior\BuildLiteBehavior [ RunTime:0.000022s ]
INFO: [ app_init ] --END-- [ RunTime:0.000378s ]

[ 2018-06-24T18:29:11+08:00 ] ::1 /lab08/index.php/Home/Index/homework2_1.php
INFO: [ app_init ] --START--
INFO: Run Behavior\BuildLiteBehavior [ RunTime:0.000023s ]
INFO: [ app_init ] --END-- [ RunTime:0.000451s ]
ERR: 非法操作:homework2_1.php

[ 2018-06-24T18:29:11+08:00 ] ::1 /lab08/index.php/Home/index/verify.html
INFO: [ app_init ] --START--
INFO: Run Behavior\BuildLiteBehavior [ RunTime:0.000024s ]
INFO: [ app_init ] --END-- [ RunTime:0.000495s ]

[ 2018-06-24T18:29:12+08:00 ] ::1 /lab08/index.php/Home/Index/Login
INFO: [ app_init ] --START--
INFO: Run Behavior\BuildLiteBehavior [ RunTime:0.000021s ]
INFO: [ app_init ] --END-- [ RunTime:0.000430s ]

[ 2018-06-24T18:29:12+08:00 ] ::1 /lab08/index.php/Home/index/verify.html
INFO: [ app_init ] --START--
INFO: Run Behavior\BuildLiteBehavior [ RunTime:0.000030s ]
INFO: [ app_init ] --END-- [ RunTime:0.002561s ]

[ 2018-06-24T18:31:51+08:00 ] ::1 /lab08/index.php/Home/Index/Login
INFO: [ app_init ] --START--
INFO: Run Behavior\BuildLiteBehavior [ RunTime:0.000022s ]
INFO: [ app_init ] --END-- [ RunTime:0.000411s ]

[ 2018-06-24T18:31:52+08:00 ] ::1 /lab08/index.php/Home/index/verify.html
INFO: [ app_init ] --START--
INFO: Run Behavior\BuildLiteBehavior [ RunTime:0.000026s ]
INFO: [ app_init ] --END-- [ RunTime:0.000507s ]

[ 2018-06-24T18:31:53+08:00 ] ::1 /lab08/index.php/Home/index/verify.html?0.24684329361306867
INFO: [ app_init ] --START--
INFO: Run Behavior\BuildLiteBehavior [ RunTime:0.000030s ]
INFO: [ app_init ] --END-- [ RunTime:0.000481s ]

[ 2018-06-24T18:31:54+08:00 ] ::1 /lab08/index.php/Home/index/verify.html?0.24684329361306867?0.5541224132976488
INFO: [ app_init ] --START--
INFO: Run Behavior\BuildLiteBehavior [ RunTime:0.000020s ]
INFO: [ app_init ] --END-- [ RunTime:0.000346s ]

[ 2018-06-24T19:12:20+08:00 ] ::1 /lab08/index.php/Home/Index/Login
INFO: [ app_init ] --START--
INFO: Run Behavior\BuildLiteBehavior [ RunTime:0.000023s ]
INFO: [ app_init ] --END-- [ RunTime:0.000441s ]

[ 2018-06-24T19:12:20+08:00 ] ::1 /lab08/index.php/Home/index/verify.html
INFO: [ app_init ] --START--
INFO: Run Behavior\BuildLiteBehavior [ RunTime:0.000025s ]
INFO: [ app_init ] --END-- [ RunTime:0.000457s ]

[ 2018-06-24T19:12:25+08:00 ] ::1 /lab08/index.php/Home/Index/DataShow.html
INFO: [ app_init ] --START--
INFO: Run Behavior\BuildLiteBehavior [ RunTime:0.000111s ]
INFO: [ app_init ] --END-- [ RunTime:0.000811s ]

[ 2018-06-24T19:31:46+08:00 ] ::1 /lab08/index.php/Home/Index/Login
INFO: [ app_init ] --START--
INFO: Run Behavior\BuildLiteBehavior [ RunTime:0.000022s ]
INFO: [ app_init ] --END-- [ RunTime:0.000439s ]

[ 2018-06-24T19:31:46+08:00 ] ::1 /lab08/index.php/Home/index/verify.html
INFO: [ app_init ] --START--
INFO: Run Behavior\BuildLiteBehavior [ RunTime:0.000026s ]
INFO: [ app_init ] --END-- [ RunTime:0.000770s ]

[ 2018-06-24T19:31:50+08:00 ] ::1 /lab08/index.php/Home/Index/DataShow.html
INFO: [ app_init ] --START--
INFO: Run Behavior\BuildLiteBehavior [ RunTime:0.000024s ]
INFO: [ app_init ] --END-- [ RunTime:0.000471s ]

[ 2018-06-24T19:32:00+08:00 ] ::1 /lab08/index.php/Home/Index/DataShow.html
INFO: [ app_init ] --START--
INFO: Run Behavior\BuildLiteBehavior [ RunTime:0.000024s ]
INFO: [ app_init ] --END-- [ RunTime:0.000478s ]

[ 2018-06-24T19:32:03+08:00 ] ::1 /lab08/index.php/Home/Index/Login
INFO: [ app_init ] --START--
INFO: Run Behavior\BuildLiteBehavior [ RunTime:0.000022s ]
INFO: [ app_init ] --END-- [ RunTime:0.000371s ]

[ 2018-06-24T19:32:03+08:00 ] ::1 /lab08/index.php/Home/index/verify.html
INFO: [ app_init ] --START--
INFO: Run Behavior\BuildLiteBehavior [ RunTime:0.000036s ]
INFO: [ app_init ] --END-- [ RunTime:0.000702s ]

[ 2018-06-24T19:32:35+08:00 ] ::1 /lab08/index.php/Home/Index/DataShow.html
INFO: [ app_init ] --START--
INFO: Run Behavior\BuildLiteBehavior [ RunTime:0.000028s ]
INFO: [ app_init ] --END-- [ RunTime:0.000472s ]

[ 2018-06-24T19:32:43+08:00 ] ::1 /lab08/index.php/Home/Index/DataShow.html
INFO: [ app_init ] --START--
INFO: Run Behavior\BuildLiteBehavior [ RunTime:0.000024s ]
INFO: [ app_init ] --END-- [ RunTime:0.000399s ]

[ 2018-06-24T19:32:45+08:00 ] ::1 /lab08/index.php/Home/index/verify.html
INFO: [ app_init ] --START--
INFO: Run Behavior\BuildLiteBehavior [ RunTime:0.000025s ]
INFO: [ app_init ] --END-- [ RunTime:0.000441s ]

[ 2018-06-24T19:33:32+08:00 ] ::1 /lab08/index.php/Home/Index/DataShow.html
INFO: [ app_init ] --START--
INFO: Run Behavior\BuildLiteBehavior [ RunTime:0.000024s ]
INFO: [ app_init ] --END-- [ RunTime:0.008593s ]

[ 2018-06-24T19:33:34+08:00 ] ::1 /lab08/index.php/Home/index/verify.html
INFO: [ app_init ] --START--
INFO: Run Behavior\BuildLiteBehavior [ RunTime:0.000068s ]
INFO: [ app_init ] --END-- [ RunTime:0.000668s ]

[ 2018-06-24T19:35:07+08:00 ] ::1 /lab08/index.php/Home/Index/Login
INFO: [ app_init ] --START--
INFO: Run Behavior\BuildLiteBehavior [ RunTime:0.000040s ]
INFO: [ app_init ] --END-- [ RunTime:0.001201s ]

[ 2018-06-24T19:35:07+08:00 ] ::1 /lab08/index.php/Home/index/verify.html
INFO: [ app_init ] --START--
INFO: Run Behavior\BuildLiteBehavior [ RunTime:0.000023s ]
INFO: [ app_init ] --END-- [ RunTime:0.000573s ]

[ 2018-06-24T19:35:11+08:00 ] ::1 /lab08/index.php/Home/Index/DataShow.html
INFO: [ app_init ] --START--
INFO: Run Behavior\BuildLiteBehavior [ RunTime:0.000024s ]
INFO: [ app_init ] --END-- [ RunTime:0.000457s ]

[ 2018-06-24T19:35:18+08:00 ] ::1 /lab08/index.php/Home/Index/DataShow.html
INFO: [ app_init ] --START--
INFO: Run Behavior\BuildLiteBehavior [ RunTime:0.000021s ]
INFO: [ app_init ] --END-- [ RunTime:0.000388s ]

[ 2018-06-24T19:36:25+08:00 ] ::1 /lab08/index.php/Home/Index/Login
INFO: [ app_init ] --START--
INFO: Run Behavior\BuildLiteBehavior [ RunTime:0.000027s ]
INFO: [ app_init ] --END-- [ RunTime:0.000469s ]

[ 2018-06-24T19:36:25+08:00 ] ::1 /lab08/index.php/Home/index/verify.html
INFO: [ app_init ] --START--
INFO: Run Behavior\BuildLiteBehavior [ RunTime:0.000023s ]
INFO: [ app_init ] --END-- [ RunTime:0.000534s ]

[ 2018-06-24T19:36:25+08:00 ] ::1 /lab08/index.php/Home/Index/Login
INFO: [ app_init ] --START--
INFO: Run Behavior\BuildLiteBehavior [ RunTime:0.000024s ]
INFO: [ app_init ] --END-- [ RunTime:0.000557s ]

[ 2018-06-24T19:36:25+08:00 ] ::1 /lab08/index.php/Home/index/verify.html
INFO: [ app_init ] --START--
INFO: Run Behavior\BuildLiteBehavior [ RunTime:0.000031s ]
INFO: [ app_init ] --END-- [ RunTime:0.000653s ]

[ 2018-06-24T19:36:30+08:00 ] ::1 /lab08/index.php/Home/Index/DataShow.html
INFO: [ app_init ] --START--
INFO: Run Behavior\BuildLiteBehavior [ RunTime:0.000021s ]
INFO: [ app_init ] --END-- [ RunTime:0.000426s ]

[ 2018-06-24T19:39:54+08:00 ] ::1 /lab08/index.php/Home/Index/Login
INFO: [ app_init ] --START--
INFO: Run Behavior\BuildLiteBehavior [ RunTime:0.000021s ]
INFO: [ app_init ] --END-- [ RunTime:0.000484s ]

[ 2018-06-24T19:39:54+08:00 ] ::1 /lab08/index.php/Home/index/verify.html
INFO: [ app_init ] --START--
INFO: Run Behavior\BuildLiteBehavior [ RunTime:0.000051s ]
INFO: [ app_init ] --END-- [ RunTime:0.000657s ]

[ 2018-06-24T19:39:55+08:00 ] ::1 /lab08/index.php/Home/Index/Login
INFO: [ app_init ] --START--
INFO: Run Behavior\BuildLiteBehavior [ RunTime:0.000030s ]
INFO: [ app_init ] --END-- [ RunTime:0.000507s ]

[ 2018-06-24T19:39:55+08:00 ] ::1 /lab08/index.php/Home/index/verify.html
INFO: [ app_init ] --START--
INFO: Run Behavior\BuildLiteBehavior [ RunTime:0.000033s ]
INFO: [ app_init ] --END-- [ RunTime:0.000578s ]

[ 2018-06-24T19:39:57+08:00 ] ::1 /lab08/index.php/Home/Index/DataShow.html
INFO: [ app_init ] --START--
INFO: Run Behavior\BuildLiteBehavior [ RunTime:0.000022s ]
INFO: [ app_init ] --END-- [ RunTime:0.000426s ]

[ 2018-06-24T19:40:00+08:00 ] ::1 /lab08/index.php/Home/Index/Login
INFO: [ app_init ] --START--
INFO: Run Behavior\BuildLiteBehavior [ RunTime:0.000027s ]
INFO: [ app_init ] --END-- [ RunTime:0.000556s ]

[ 2018-06-24T19:40:00+08:00 ] ::1 /lab08/index.php/Home/index/verify.html
INFO: [ app_init ] --START--
INFO: Run Behavior\BuildLiteBehavior [ RunTime:0.000026s ]
INFO: [ app_init ] --END-- [ RunTime:0.000493s ]

[ 2018-06-24T19:42:18+08:00 ] ::1 /lab08/index.php/Home/Index/DataShow.html
INFO: [ app_init ] --START--
INFO: Run Behavior\BuildLiteBehavior [ RunTime:0.000049s ]
INFO: [ app_init ] --END-- [ RunTime:0.000559s ]

[ 2018-06-24T19:42:21+08:00 ] ::1 /lab08/index.php/Home/Index/Login
INFO: [ app_init ] --START--
INFO: Run Behavior\BuildLiteBehavior [ RunTime:0.000027s ]
INFO: [ app_init ] --END-- [ RunTime:0.000397s ]

[ 2018-06-24T19:42:21+08:00 ] ::1 /lab08/index.php/Home/index/verify.html
INFO: [ app_init ] --START--
INFO: Run Behavior\BuildLiteBehavior [ RunTime:0.000020s ]
INFO: [ app_init ] --END-- [ RunTime:0.000416s ]

[ 2018-06-24T19:55:44+08:00 ] ::1 /lab08/index.php/Home/Index/DataShow.html
INFO: [ app_init ] --START--
INFO: Run Behavior\BuildLiteBehavior [ RunTime:0.000021s ]
INFO: [ app_init ] --END-- [ RunTime:0.000443s ]

[ 2018-06-24T19:55:47+08:00 ] ::1 /lab08/index.php/Home/index/verify.html
INFO: [ app_init ] --START--
INFO: Run Behavior\BuildLiteBehavior [ RunTime:0.000029s ]
INFO: [ app_init ] --END-- [ RunTime:0.000590s ]

[ 2018-06-24T19:55:49+08:00 ] ::1 /lab08/index.php/Home/Index/DataShow.html
INFO: [ app_init ] --START--
INFO: Run Behavior\BuildLiteBehavior [ RunTime:0.000028s ]
INFO: [ app_init ] --END-- [ RunTime:0.000570s ]

[ 2018-06-24T19:58:35+08:00 ] ::1 /lab08/index.php/Home/index/verify.html?0.6761279512391549
INFO: [ app_init ] --START--
INFO: Run Behavior\BuildLiteBehavior [ RunTime:0.000023s ]
INFO: [ app_init ] --END-- [ RunTime:0.000591s ]

[ 2018-06-24T19:58:36+08:00 ] ::1 /lab08/index.php/Home/index/verify.html?0.6761279512391549?0.5338130096034788
INFO: [ app_init ] --START--
INFO: Run Behavior\BuildLiteBehavior [ RunTime:0.000027s ]
INFO: [ app_init ] --END-- [ RunTime:0.000507s ]

[ 2018-06-24T19:58:36+08:00 ] ::1 /lab08/index.php/Home/index/verify.html?0.6761279512391549?0.5338130096034788?0.6043696727675323
INFO: [ app_init ] --START--
INFO: Run Behavior\BuildLiteBehavior [ RunTime:0.000031s ]
INFO: [ app_init ] --END-- [ RunTime:0.000607s ]

[ 2018-06-24T19:58:39+08:00 ] ::1 /lab08/index.php/Home/index/verify.html?0.6761279512391549?0.5338130096034788?0.6043696727675323?0.3843778012667711
INFO: [ app_init ] --START--
INFO: Run Behavior\BuildLiteBehavior [ RunTime:0.000029s ]
INFO: [ app_init ] --END-- [ RunTime:0.000523s ]

[ 2018-06-24T19:58:45+08:00 ] ::1 /lab08/index.php/Home/Index/DataShow.html
INFO: [ app_init ] --START--
INFO: Run Behavior\BuildLiteBehavior [ RunTime:0.000029s ]
INFO: [ app_init ] --END-- [ RunTime:0.000453s ]

[ 2018-06-24T19:58:47+08:00 ] ::1 /lab08/index.php/Home/Index/Login
INFO: [ app_init ] --START--
INFO: Run Behavior\BuildLiteBehavior [ RunTime:0.000026s ]
INFO: [ app_init ] --END-- [ RunTime:0.000442s ]

[ 2018-06-24T19:58:47+08:00 ] ::1 /lab08/index.php/Home/index/verify.html
INFO: [ app_init ] --START--
INFO: Run Behavior\BuildLiteBehavior [ RunTime:0.000029s ]
INFO: [ app_init ] --END-- [ RunTime:0.000675s ]

[ 2018-06-24T19:58:49+08:00 ] ::1 /lab08/index.php/Home/index/verify.html?0.5686584286942924
INFO: [ app_init ] --START--
INFO: Run Behavior\BuildLiteBehavior [ RunTime:0.000022s ]
INFO: [ app_init ] --END-- [ RunTime:0.000367s ]

[ 2018-06-24T19:58:57+08:00 ] ::1 /lab08/index.php/Home/Index/DataShow.html
INFO: [ app_init ] --START--
INFO: Run Behavior\BuildLiteBehavior [ RunTime:0.000021s ]
INFO: [ app_init ] --END-- [ RunTime:0.000349s ]

[ 2018-06-24T19:58:59+08:00 ] ::1 /lab08/index.php/Home/Index/Login
INFO: [ app_init ] --START--
INFO: Run Behavior\BuildLiteBehavior [ RunTime:0.000022s ]
INFO: [ app_init ] --END-- [ RunTime:0.000490s ]

[ 2018-06-24T19:58:59+08:00 ] ::1 /lab08/index.php/Home/index/verify.html
INFO: [ app_init ] --START--
INFO: Run Behavior\BuildLiteBehavior [ RunTime:0.000023s ]
INFO: [ app_init ] --END-- [ RunTime:0.000531s ]

[ 2018-06-24T19:59:06+08:00 ] ::1 /lab08/index.php/Home/Index/DataShow.html
INFO: [ app_init ] --START--
INFO: Run Behavior\BuildLiteBehavior [ RunTime:0.000023s ]
INFO: [ app_init ] --END-- [ RunTime:0.000420s ]

[ 2018-06-24T19:59:07+08:00 ] ::1 /lab08/index.php/Home/Index/Login
INFO: [ app_init ] --START--
INFO: Run Behavior\BuildLiteBehavior [ RunTime:0.000023s ]
INFO: [ app_init ] --END-- [ RunTime:0.000435s ]

[ 2018-06-24T19:59:07+08:00 ] ::1 /lab08/index.php/Home/index/verify.html
INFO: [ app_init ] --START--
INFO: Run Behavior\BuildLiteBehavior [ RunTime:0.000029s ]
INFO: [ app_init ] --END-- [ RunTime:0.001111s ]

[ 2018-06-24T19:59:26+08:00 ] ::1 /lab08/index.php/Home/Index/DataShow.html
INFO: [ app_init ] --START--
INFO: Run Behavior\BuildLiteBehavior [ RunTime:0.000034s ]
INFO: [ app_init ] --END-- [ RunTime:0.000500s ]

[ 2018-06-24T19:59:27+08:00 ] ::1 /lab08/index.php/Home/Index/Login
INFO: [ app_init ] --START--
INFO: Run Behavior\BuildLiteBehavior [ RunTime:0.000050s ]
INFO: [ app_init ] --END-- [ RunTime:0.000736s ]

[ 2018-06-24T19:59:28+08:00 ] ::1 /lab08/index.php/Home/index/verify.html
INFO: [ app_init ] --START--
INFO: Run Behavior\BuildLiteBehavior [ RunTime:0.000043s ]
INFO: [ app_init ] --END-- [ RunTime:0.000503s ]

[ 2018-06-24T20:00:16+08:00 ] ::1 /lab08/index.php/Home/Index/Login
INFO: [ app_init ] --START--
INFO: Run Behavior\BuildLiteBehavior [ RunTime:0.000059s ]
INFO: [ app_init ] --END-- [ RunTime:0.003144s ]

[ 2018-06-24T20:00:16+08:00 ] ::1 /lab08/index.php/Home/index/verify.html
INFO: [ app_init ] --START--
INFO: Run Behavior\BuildLiteBehavior [ RunTime:0.000024s ]
INFO: [ app_init ] --END-- [ RunTime:0.000400s ]

[ 2018-06-24T20:00:20+08:00 ] ::1 /lab08/index.php/Home/index/verify.html?0.9296171809043852
INFO: [ app_init ] --START--
INFO: Run Behavior\BuildLiteBehavior [ RunTime:0.000024s ]
INFO: [ app_init ] --END-- [ RunTime:0.000381s ]

[ 2018-06-24T20:00:24+08:00 ] ::1 /lab08/index.php/Home/Index/DataShow.html
INFO: [ app_init ] --START--
INFO: Run Behavior\BuildLiteBehavior [ RunTime:0.000054s ]
INFO: [ app_init ] --END-- [ RunTime:0.000410s ]

[ 2018-06-24T20:04:09+08:00 ] ::1 /lab08/index.php/Home/Index/DataShow.html
INFO: [ app_init ] --START--
INFO: Run Behavior\BuildLiteBehavior [ RunTime:0.000024s ]
INFO: [ app_init ] --END-- [ RunTime:0.000516s ]

[ 2018-06-24T20:04:12+08:00 ] ::1 /lab08/index.php/Home/Index/Login
INFO: [ app_init ] --START--
INFO: Run Behavior\BuildLiteBehavior [ RunTime:0.000022s ]
INFO: [ app_init ] --END-- [ RunTime:0.000445s ]

[ 2018-06-24T20:04:12+08:00 ] ::1 /lab08/index.php/Home/index/verify.html
INFO: [ app_init ] --START--
INFO: Run Behavior\BuildLiteBehavior [ RunTime:0.000037s ]
INFO: [ app_init ] --END-- [ RunTime:0.000485s ]

[ 2018-06-24T20:04:29+08:00 ] ::1 /lab08/index.php/Home/index/verify.html?0.5687113459656599
INFO: [ app_init ] --START--
INFO: Run Behavior\BuildLiteBehavior [ RunTime:0.000024s ]
INFO: [ app_init ] --END-- [ RunTime:0.000390s ]

[ 2018-06-24T20:04:36+08:00 ] ::1 /lab08/index.php/Home/index/verify.html?0.5687113459656599?0.04076445933530781
INFO: [ app_init ] --START--
INFO: Run Behavior\BuildLiteBehavior [ RunTime:0.000029s ]
INFO: [ app_init ] --END-- [ RunTime:0.000493s ]

[ 2018-06-24T20:04:37+08:00 ] ::1 /lab08/index.php/Home/index/verify.html?0.5687113459656599?0.04076445933530781?0.7560422023419147
INFO: [ app_init ] --START--
INFO: Run Behavior\BuildLiteBehavior [ RunTime:0.000031s ]
INFO: [ app_init ] --END-- [ RunTime:0.000493s ]

[ 2018-06-24T20:04:43+08:00 ] ::1 /lab08/index.php/Home/Index/DataShow.html
INFO: [ app_init ] --START--
INFO: Run Behavior\BuildLiteBehavior [ RunTime:0.000035s ]
INFO: [ app_init ] --END-- [ RunTime:0.000420s ]

[ 2018-06-24T20:06:24+08:00 ] ::1 /lab08/index.php/Home/Index/DataShow.html
INFO: [ app_init ] --START--
INFO: Run Behavior\BuildLiteBehavior [ RunTime:0.000032s ]
INFO: [ app_init ] --END-- [ RunTime:0.000541s ]

[ 2018-06-24T20:06:25+08:00 ] ::1 /lab08/index.php/Home/Index/Logout
INFO: [ app_init ] --START--
INFO: Run Behavior\BuildLiteBehavior [ RunTime:0.000022s ]
INFO: [ app_init ] --END-- [ RunTime:0.000358s ]

[ 2018-06-24T20:06:27+08:00 ] ::1 /lab08/index.php/Home/Index/Login
INFO: [ app_init ] --START--
INFO: Run Behavior\BuildLiteBehavior [ RunTime:0.000023s ]
INFO: [ app_init ] --END-- [ RunTime:0.000380s ]

[ 2018-06-24T20:06:27+08:00 ] ::1 /lab08/index.php/Home/index/verify.html
INFO: [ app_init ] --START--
INFO: Run Behavior\BuildLiteBehavior [ RunTime:0.000025s ]
INFO: [ app_init ] --END-- [ RunTime:0.000519s ]

[ 2018-06-24T20:07:48+08:00 ] ::1 /lab08/index.php/Home/Index/DataShow.html
INFO: [ app_init ] --START--
INFO: Run Behavior\BuildLiteBehavior [ RunTime:0.000037s ]
INFO: [ app_init ] --END-- [ RunTime:0.000835s ]

[ 2018-06-24T20:10:28+08:00 ] ::1 /lab08/index.php/Home/Index/DataShow.html
INFO: [ app_init ] --START--
INFO: Run Behavior\BuildLiteBehavior [ RunTime:0.000021s ]
INFO: [ app_init ] --END-- [ RunTime:0.000672s ]

[ 2018-06-24T20:10:31+08:00 ] ::1 /lab08/index.php/Home/Index/Login
INFO: [ app_init ] --START--
INFO: Run Behavior\BuildLiteBehavior [ RunTime:0.000023s ]
INFO: [ app_init ] --END-- [ RunTime:0.000455s ]

[ 2018-06-24T20:10:31+08:00 ] ::1 /lab08/index.php/Home/index/verify.html
INFO: [ app_init ] --START--
INFO: Run Behavior\BuildLiteBehavior [ RunTime:0.000025s ]
INFO: [ app_init ] --END-- [ RunTime:0.000571s ]

[ 2018-06-24T20:14:23+08:00 ] ::1 /lab08/index.php/Home/Index/DataShow.html
INFO: [ app_init ] --START--
INFO: Run Behavior\BuildLiteBehavior [ RunTime:0.000040s ]
INFO: [ app_init ] --END-- [ RunTime:0.000679s ]

[ 2018-06-24T20:30:46+08:00 ] ::1 /lab08/index.php/Home/index/verify.html
INFO: [ app_init ] --START--
INFO: Run Behavior\BuildLiteBehavior [ RunTime:0.000026s ]
INFO: [ app_init ] --END-- [ RunTime:0.001011s ]

[ 2018-06-24T20:35:33+08:00 ] ::1 /lab08/index.php/Home/Index/Login
INFO: [ app_init ] --START--
INFO: Run Behavior\BuildLiteBehavior [ RunTime:0.000033s ]
INFO: [ app_init ] --END-- [ RunTime:0.000865s ]

[ 2018-06-24T20:35:33+08:00 ] ::1 /lab08/index.php/Home/index/verify.html
INFO: [ app_init ] --START--
INFO: Run Behavior\BuildLiteBehavior [ RunTime:0.000026s ]
INFO: [ app_init ] --END-- [ RunTime:0.000520s ]

[ 2018-06-24T20:35:35+08:00 ] ::1 /lab08/index.php/Home/Index/reg.html
INFO: [ app_init ] --START--
INFO: Run Behavior\BuildLiteBehavior [ RunTime:0.000026s ]
INFO: [ app_init ] --END-- [ RunTime:0.000422s ]

[ 2018-06-24T20:35:57+08:00 ] ::1 /lab08/index.php/Home/Index/reg.html
INFO: [ app_init ] --START--
INFO: Run Behavior\BuildLiteBehavior [ RunTime:0.000024s ]
INFO: [ app_init ] --END-- [ RunTime:0.000411s ]

[ 2018-06-24T20:35:57+08:00 ] ::1 /lab08/index.php/Home/index/verify.html
INFO: [ app_init ] --START--
INFO: Run Behavior\BuildLiteBehavior [ RunTime:0.000092s ]
INFO: [ app_init ] --END-- [ RunTime:0.001068s ]

[ 2018-06-24T20:36:01+08:00 ] ::1 /lab08/index.php/Home/index/verify.html?0.3025653576590619
INFO: [ app_init ] --START--
INFO: Run Behavior\BuildLiteBehavior [ RunTime:0.000022s ]
INFO: [ app_init ] --END-- [ RunTime:0.000466s ]

[ 2018-06-24T20:36:12+08:00 ] ::1 /lab08/index.php/Home/Index/Login.html
INFO: [ app_init ] --START--
INFO: Run Behavior\BuildLiteBehavior [ RunTime:0.000024s ]
INFO: [ app_init ] --END-- [ RunTime:0.000498s ]

[ 2018-06-24T20:36:12+08:00 ] ::1 /lab08/index.php/Home/index/verify.html
INFO: [ app_init ] --START--
INFO: Run Behavior\BuildLiteBehavior [ RunTime:0.000022s ]
INFO: [ app_init ] --END-- [ RunTime:0.000468s ]

[ 2018-06-24T20:37:43+08:00 ] ::1 /lab08/index.php/Home/Index/reg.html
INFO: [ app_init ] --START--
INFO: Run Behavior\BuildLiteBehavior [ RunTime:0.000037s ]
INFO: [ app_init ] --END-- [ RunTime:0.000513s ]

[ 2018-06-24T20:37:43+08:00 ] ::1 /lab08/index.php/Home/index/verify.html
INFO: [ app_init ] --START--
INFO: Run Behavior\BuildLiteBehavior [ RunTime:0.000029s ]
INFO: [ app_init ] --END-- [ RunTime:0.000792s ]

[ 2018-06-24T20:37:48+08:00 ] ::1 /lab08/index.php/Home/index/verify.html?0.5859821310749971
INFO: [ app_init ] --START--
INFO: Run Behavior\BuildLiteBehavior [ RunTime:0.000044s ]
INFO: [ app_init ] --END-- [ RunTime:0.000684s ]

[ 2018-06-24T20:37:55+08:00 ] ::1 /lab08/index.php/Home/Index/reg.html
INFO: [ app_init ] --START--
INFO: Run Behavior\BuildLiteBehavior [ RunTime:0.000022s ]
INFO: [ app_init ] --END-- [ RunTime:0.000512s ]

[ 2018-06-24T20:37:55+08:00 ] ::1 /lab08/index.php/Home/index/verify.html
INFO: [ app_init ] --START--
INFO: Run Behavior\BuildLiteBehavior [ RunTime:0.000069s ]
INFO: [ app_init ] --END-- [ RunTime:0.003260s ]

[ 2018-06-24T20:38:00+08:00 ] ::1 /lab08/index.php/Home/Index/Login
INFO: [ app_init ] --START--
INFO: Run Behavior\BuildLiteBehavior [ RunTime:0.000022s ]
INFO: [ app_init ] --END-- [ RunTime:0.000368s ]

[ 2018-06-24T20:38:00+08:00 ] ::1 /lab08/index.php/Home/index/verify.html
INFO: [ app_init ] --START--
INFO: Run Behavior\BuildLiteBehavior [ RunTime:0.000027s ]
INFO: [ app_init ] --END-- [ RunTime:0.000655s ]

[ 2018-06-24T20:45:06+08:00 ] ::1 /lab08/index.php/Home/Index/reg.html
INFO: [ app_init ] --START--
INFO: Run Behavior\BuildLiteBehavior [ RunTime:0.000025s ]
INFO: [ app_init ] --END-- [ RunTime:0.000534s ]

[ 2018-06-24T20:45:06+08:00 ] ::1 /lab08/index.php/Home/index/verify.html
INFO: [ app_init ] --START--
INFO: Run Behavior\BuildLiteBehavior [ RunTime:0.000023s ]
INFO: [ app_init ] --END-- [ RunTime:0.000443s ]

[ 2018-06-24T20:45:28+08:00 ] ::1 /lab08/index.php/Home/Index/DataShow.html
INFO: [ app_init ] --START--
INFO: Run Behavior\BuildLiteBehavior [ RunTime:0.000021s ]
INFO: [ app_init ] --END-- [ RunTime:0.000379s ]

[ 2018-06-24T20:46:00+08:00 ] ::1 /lab08/index.php/Home/Index/DataShow
INFO: [ app_init ] --START--
INFO: Run Behavior\BuildLiteBehavior [ RunTime:0.000021s ]
INFO: [ app_init ] --END-- [ RunTime:0.000365s ]

[ 2018-06-24T20:46:04+08:00 ] ::1 /lab08/index.php/Home/Index/Login
INFO: [ app_init ] --START--
INFO: Run Behavior\BuildLiteBehavior [ RunTime:0.000026s ]
INFO: [ app_init ] --END-- [ RunTime:0.000498s ]

[ 2018-06-24T20:46:04+08:00 ] ::1 /lab08/index.php/Home/index/verify.html
INFO: [ app_init ] --START--
INFO: Run Behavior\BuildLiteBehavior [ RunTime:0.000057s ]
INFO: [ app_init ] --END-- [ RunTime:0.001106s ]

[ 2018-06-24T20:48:55+08:00 ] ::1 /lab08/index.php/Home/index/verify.html?0.43089680756563475
INFO: [ app_init ] --START--
INFO: Run Behavior\BuildLiteBehavior [ RunTime:0.000045s ]
INFO: [ app_init ] --END-- [ RunTime:0.000586s ]

[ 2018-06-24T20:48:59+08:00 ] ::1 /lab08/index.php/Home/Index/DataShow.html
INFO: [ app_init ] --START--
INFO: Run Behavior\BuildLiteBehavior [ RunTime:0.000027s ]
INFO: [ app_init ] --END-- [ RunTime:0.000496s ]

[ 2018-06-24T20:49:01+08:00 ] ::1 /lab08/index.php/Home/Index/DataShow
INFO: [ app_init ] --START--
INFO: Run Behavior\BuildLiteBehavior [ RunTime:0.000029s ]
INFO: [ app_init ] --END-- [ RunTime:0.000566s ]

[ 2018-06-24T20:49:05+08:00 ] ::1 /lab08/index.php/Home/Index/Login
INFO: [ app_init ] --START--
INFO: Run Behavior\BuildLiteBehavior [ RunTime:0.000021s ]
INFO: [ app_init ] --END-- [ RunTime:0.000431s ]

[ 2018-06-24T20:49:05+08:00 ] ::1 /lab08/index.php/Home/index/verify.html
INFO: [ app_init ] --START--
INFO: Run Behavior\BuildLiteBehavior [ RunTime:0.000023s ]
INFO: [ app_init ] --END-- [ RunTime:0.000436s ]

[ 2018-06-24T20:50:04+08:00 ] ::1 /lab08/index.php/Home/Index/DataShow.html
INFO: [ app_init ] --START--
INFO: Run Behavior\BuildLiteBehavior [ RunTime:0.000021s ]
INFO: [ app_init ] --END-- [ RunTime:0.000359s ]

[ 2018-06-24T20:50:07+08:00 ] ::1 /lab08/index.php/Home/Index/DataShow
INFO: [ app_init ] --START--
INFO: Run Behavior\BuildLiteBehavior [ RunTime:0.000043s ]
INFO: [ app_init ] --END-- [ RunTime:0.000706s ]

[ 2018-06-24T20:50:21+08:00 ] ::1 /lab08/index.php/Home/Index/DataShow
INFO: [ app_init ] --START--
INFO: Run Behavior\BuildLiteBehavior [ RunTime:0.000027s ]
INFO: [ app_init ] --END-- [ RunTime:0.000424s ]

[ 2018-06-24T20:50:26+08:00 ] ::1 /lab08/index.php/Home/Index/DataShow
INFO: [ app_init ] --START--
INFO: Run Behavior\BuildLiteBehavior [ RunTime:0.000026s ]
INFO: [ app_init ] --END-- [ RunTime:0.000420s ]

[ 2018-06-24T20:50:34+08:00 ] ::1 /lab08/index.php/Home/Index/DataShow
INFO: [ app_init ] --START--
INFO: Run Behavior\BuildLiteBehavior [ RunTime:0.000026s ]
INFO: [ app_init ] --END-- [ RunTime:0.000420s ]

[ 2018-06-24T20:50:54+08:00 ] ::1 /lab08/index.php/Home/Index/DataShow
INFO: [ app_init ] --START--
INFO: Run Behavior\BuildLiteBehavior [ RunTime:0.000024s ]
INFO: [ app_init ] --END-- [ RunTime:0.000374s ]

[ 2018-06-24T20:50:55+08:00 ] ::1 /lab08/index.php/Home/Index/DataShow
INFO: [ app_init ] --START--
INFO: Run Behavior\BuildLiteBehavior [ RunTime:0.000023s ]
INFO: [ app_init ] --END-- [ RunTime:0.000486s ]

[ 2018-06-24T20:50:56+08:00 ] ::1 /lab08/index.php/Home/Index/DataShow
INFO: [ app_init ] --START--
INFO: Run Behavior\BuildLiteBehavior [ RunTime:0.000031s ]
INFO: [ app_init ] --END-- [ RunTime:0.000498s ]

[ 2018-06-24T20:50:58+08:00 ] ::1 /lab08/index.php/Home/Index/DataShow
INFO: [ app_init ] --START--
INFO: Run Behavior\BuildLiteBehavior [ RunTime:0.000024s ]
INFO: [ app_init ] --END-- [ RunTime:0.000390s ]

[ 2018-06-24T20:51:02+08:00 ] ::1 /lab08/index.php/Home/Index/DataShow
INFO: [ app_init ] --START--
INFO: Run Behavior\BuildLiteBehavior [ RunTime:0.000031s ]
INFO: [ app_init ] --END-- [ RunTime:0.000485s ]

[ 2018-06-24T20:52:37+08:00 ] ::1 /lab08/index.php/Home/Index/del?id=5
INFO: [ app_init ] --START--
INFO: Run Behavior\BuildLiteBehavior [ RunTime:0.000024s ]
INFO: [ app_init ] --END-- [ RunTime:0.000407s ]

[ 2018-06-24T20:52:37+08:00 ] ::1 /lab08/index.php/Home/Index/Login
INFO: [ app_init ] --START--
INFO: Run Behavior\BuildLiteBehavior [ RunTime:0.000038s ]
INFO: [ app_init ] --END-- [ RunTime:0.000615s ]

[ 2018-06-24T20:52:37+08:00 ] ::1 /lab08/index.php/Home/index/verify.html
INFO: [ app_init ] --START--
INFO: Run Behavior\BuildLiteBehavior [ RunTime:0.000026s ]
INFO: [ app_init ] --END-- [ RunTime:0.000530s ]

[ 2018-06-24T20:52:40+08:00 ] ::1 /lab08/index.php/Home/index/verify.html?0.19993756657971717
INFO: [ app_init ] --START--
INFO: Run Behavior\BuildLiteBehavior [ RunTime:0.000021s ]
INFO: [ app_init ] --END-- [ RunTime:0.000451s ]

[ 2018-06-24T20:52:41+08:00 ] ::1 /lab08/index.php/Home/index/verify.html?0.19993756657971717?0.6310773211488521
INFO: [ app_init ] --START--
INFO: Run Behavior\BuildLiteBehavior [ RunTime:0.000030s ]
INFO: [ app_init ] --END-- [ RunTime:0.000565s ]

[ 2018-06-24T20:52:42+08:00 ] ::1 /lab08/index.php/Home/index/verify.html?0.19993756657971717?0.6310773211488521?0.28567684849551767
INFO: [ app_init ] --START--
INFO: Run Behavior\BuildLiteBehavior [ RunTime:0.000020s ]
INFO: [ app_init ] --END-- [ RunTime:0.000411s ]

[ 2018-06-24T20:52:43+08:00 ] ::1 /lab08/index.php/Home/index/verify.html?0.19993756657971717?0.6310773211488521?0.28567684849551767?0.15849811068448583
INFO: [ app_init ] --START--
INFO: Run Behavior\BuildLiteBehavior [ RunTime:0.000028s ]
INFO: [ app_init ] --END-- [ RunTime:0.000489s ]

[ 2018-06-24T20:52:48+08:00 ] ::1 /lab08/index.php/Home/Index/DataShow.html
INFO: [ app_init ] --START--
INFO: Run Behavior\BuildLiteBehavior [ RunTime:0.000021s ]
INFO: [ app_init ] --END-- [ RunTime:0.000431s ]

[ 2018-06-24T20:52:52+08:00 ] ::1 /lab08/index.php/Home/Index/DataAdd
INFO: [ app_init ] --START--
INFO: Run Behavior\BuildLiteBehavior [ RunTime:0.000025s ]
INFO: [ app_init ] --END-- [ RunTime:0.000514s ]

[ 2018-06-24T20:52:52+08:00 ] ::1 /lab08/index.php/Home/index/verify.html
INFO: [ app_init ] --START--
INFO: Run Behavior\BuildLiteBehavior [ RunTime:0.000027s ]
INFO: [ app_init ] --END-- [ RunTime:0.000441s ]

[ 2018-06-24T20:54:02+08:00 ] ::1 /lab08/index.php/Home/Index/del?id=4
INFO: [ app_init ] --START--
INFO: Run Behavior\BuildLiteBehavior [ RunTime:0.000023s ]
INFO: [ app_init ] --END-- [ RunTime:0.000479s ]

[ 2018-06-24T20:54:07+08:00 ] ::1 /lab08/index.php/Home/Index/DataShow
INFO: [ app_init ] --START--
INFO: Run Behavior\BuildLiteBehavior [ RunTime:0.000024s ]
INFO: [ app_init ] --END-- [ RunTime:0.000424s ]

[ 2018-06-24T20:54:10+08:00 ] ::1 /lab08/index.php/Home/Index/Login
INFO: [ app_init ] --START--
INFO: Run Behavior\BuildLiteBehavior [ RunTime:0.000025s ]
INFO: [ app_init ] --END-- [ RunTime:0.000403s ]

[ 2018-06-24T20:54:10+08:00 ] ::1 /lab08/index.php/Home/index/verify.html
INFO: [ app_init ] --START--
INFO: Run Behavior\BuildLiteBehavior [ RunTime:0.000022s ]
INFO: [ app_init ] --END-- [ RunTime:0.000458s ]

